#
# A fatal error has been detected by the Java Runtime Environment:
#
#  Internal Error (jvmciRuntime.cpp:1609), pid=429, tid=443
#  fatal error: Fatal exception in JVMCI: Error calling jdk.vm.ci.services.Services.serializeSavedProperties
#
# JRE version: OpenJDK Runtime Environment GraalVM CE 22.3.0 (17.0.5+8) (build 17.0.5+8-jvmci-22.3-b08)
# Java VM: OpenJDK 64-Bit Server VM GraalVM CE 22.3.0 (17.0.5+8-jvmci-22.3-b08, mixed mode, sharing, tiered, jvmci, jvmci compiler, compressed oops, compressed class ptrs, parallel gc, linux-amd64)
# Problematic frame:
# V  [libjvm.so+0x972714]  JVMCIRuntime::fatal_exception(JVMCIEnv*, char const*)+0x74
#
# Core dump will be written. Default location: Core dumps may be processed with "/usr/share/apport/apport -p%p -s%s -c%c -d%d -P%P -u%u -g%g -- %E" (or dumping to /home/runner/Quiz-Algumas-atualizacoes-OBS-olhem-e-vejam-se-vcs-gostam/core.429)
#
# If you would like to submit a bug report, please visit:
#   https://github.com/oracle/graal/issues
#

---------------  S U M M A R Y ------------

Command Line: -XX:ThreadPriorityPolicy=1 -XX:+UnlockExperimentalVMOptions -XX:+EnableJVMCIProduct -XX:JVMCIThreadsPerNativeLibraryRuntime=1 -XX:-UnlockExperimentalVMOptions -Declipse.application=org.eclipse.jdt.ls.core.id1 -Dosgi.bundles.defaultStartLevel=4 -Declipse.product=org.eclipse.jdt.ls.core.product -Dlog.level=ALL -Xverify:none -XX:+UseParallelGC -XX:GCTimeRatio=4 -XX:AdaptiveSizePolicyWeight=90 -Dsun.zip.disableMemoryMapping=true -Xmx512m -Xms100m /nix/store/m6gcpi1ii6rghy04cjwjddcavv7i90df-jdt-language-server-1.9.0/share/java/plugins/org.eclipse.equinox.launcher_1.6.400.v20210924-0641.jar --add-modules=ALL-SYSTEM --add-opens java.base/java.util=ALL-UNNAMED --add-opens java.base/java.lang=ALL-UNNAMED -configuration /home/runner/.cache/jdt-language-server/config -data /home/runner/.cache/jdt-language-server/data/home/runner/Quiz-Algumas-atualizacoes-OBS-olhem-e-vejam-se-vcs-gostam

Host: AMD EPYC 7B12, 8 cores, 1G, Ubuntu 20.04.2 LTS
Time: Fri Mar 10 23:47:18 2023 UTC elapsed time: 837.865755 seconds (0d 0h 13m 57s)

---------------  T H R E A D  ---------------

Current thread (0x00007fcea40b2260):  JavaThread "JVMCI-native CompilerThread0" daemon [_thread_in_vm, id=443, stack(0x00007fce8b1b3000,0x00007fce8b3b3000)]


Current CompileTask:
JVMCI-native: 837865 8263   !   4       java.nio.DirectIntBufferU::get (34 bytes)

Stack: [0x00007fce8b1b3000,0x00007fce8b3b3000],  sp=0x00007fce8b3b1380,  free space=2040k
Native frames: (J=compiled Java code, j=interpreted, Vv=VM code, C=native code)
V  [libjvm.so+0x972714]  JVMCIRuntime::fatal_exception(JVMCIEnv*, char const*)+0x74
V  [libjvm.so+0x93e2fe]  JVMCIEnv::copy_saved_properties()+0x14e
V  [libjvm.so+0x9732a9]  JVMCIRuntime::initialize(JVMCIEnv*)+0xb19
V  [libjvm.so+0x9738a2]  JVMCIRuntime::get_HotSpotJVMCIRuntime(JVMCIEnv*)+0x12
V  [libjvm.so+0x9749f2]  JVMCIRuntime::compile_method(JVMCIEnv*, JVMCICompiler*, methodHandle const&, int)+0xd2
V  [libjvm.so+0x5b0d20]  CompileBroker::invoke_compiler_on_method(CompileTask*)+0x1470
V  [libjvm.so+0x5b12e8]  CompileBroker::compiler_thread_loop()+0x528
V  [libjvm.so+0xd82460]  JavaThread::thread_main_inner()+0xd0
V  [libjvm.so+0xd85a40]  Thread::call_run()+0xc0
V  [libjvm.so+0xbdb1e1]  thread_native_entry(Thread*)+0xe1

Register to memory mapping:

RAX=0x00007fceaae4e000 points into unknown readable memory: 0x0000000000000058 | 58 00 00 00 00 00 00 00
RBX=0x00007fceabf49398: <offset 0x0000000000ef5398> in /nix/store/gpxl5qgg8kicmcvivwmybwjlpf7wh20l-graalvm17-ce-22.3.0/lib/server/libjvm.so at 0x00007fceab054000
RCX=0x00007fceabf011e8: <offset 0x0000000000ead1e8> in /nix/store/gpxl5qgg8kicmcvivwmybwjlpf7wh20l-graalvm17-ce-22.3.0/lib/server/libjvm.so at 0x00007fceab054000
RDX=0x0000000000000649 is an unknown value
RSP=0x00007fce8b3b1380 is pointing into the stack for thread: 0x00007fcea40b2260
RBP=0x00007fce8b3b13a0 is pointing into the stack for thread: 0x00007fcea40b2260
RSI=0x00007fceabf49c48: <offset 0x0000000000ef5c48> in /nix/store/gpxl5qgg8kicmcvivwmybwjlpf7wh20l-graalvm17-ce-22.3.0/lib/server/libjvm.so at 0x00007fceab054000
RDI=0x00000000e0000000 is an oop: [B 
{0x00000000e0000000} - klass: {type array byte}
 - length: 76
R8 =0x00007fceabf49398: <offset 0x0000000000ef5398> in /nix/store/gpxl5qgg8kicmcvivwmybwjlpf7wh20l-graalvm17-ce-22.3.0/lib/server/libjvm.so at 0x00007fceab054000
R9 =0x00007fce8b3b1330 is pointing into the stack for thread: 0x00007fcea40b2260
R10=0x00007fce8b3b2948 is pointing into the stack for thread: 0x00007fcea40b2260
R11=0x0000000000000293 is an unknown value
R12=0x0 is NULL
R13=0x00007fcea40b2260 is a thread
R14=0x00007fcea4000b80 points into unknown readable memory: 0x00007fceac17aa38 | 38 aa 17 ac ce 7f 00 00
R15=0x00007fceac288e40: <offset 0x0000000001234e40> in /nix/store/gpxl5qgg8kicmcvivwmybwjlpf7wh20l-graalvm17-ce-22.3.0/lib/server/libjvm.so at 0x00007fceab054000


Registers:
RAX=0x00007fceaae4e000, RBX=0x00007fceabf49398, RCX=0x00007fceabf011e8, RDX=0x0000000000000649
RSP=0x00007fce8b3b1380, RBP=0x00007fce8b3b13a0, RSI=0x00007fceabf49c48, RDI=0x00000000e0000000
R8 =0x00007fceabf49398, R9 =0x00007fce8b3b1330, R10=0x00007fce8b3b2948, R11=0x0000000000000293
R12=0x0000000000000000, R13=0x00007fcea40b2260, R14=0x00007fcea4000b80, R15=0x00007fceac288e40
RIP=0x00007fceab9c6714, EFLAGS=0x0000000000010206, CSGSFS=0x002b000000000033, ERR=0x0000000000000006
  TRAPNO=0x000000000000000e

Top of Stack: (sp=0x00007fce8b3b1380)
0x00007fce8b3b1380:   00007fce8b3b1940 00007fcea40b2260
0x00007fce8b3b1390:   00007fcea97df8c8 0000000800c40dc8
0x00007fce8b3b13a0:   00007fce8b3b1500 00007fceab9922fe
0x00007fce8b3b13b0:   00007fce8b3b13e0 00007fce8b3b1440 

Instructions: (pc=0x00007fceab9c6714)
0x00007fceab9c6614:   30 e8 f6 cf e8 ff 4c 89 e7 e8 2e 48 d1 ff 84 db
0x00007fceab9c6624:   75 2a 4d 85 ed 74 04 4d 8b 6d 00 48 83 c4 08 44
0x00007fceab9c6634:   89 f9 4c 89 f2 4c 89 ee 5b 4c 89 e7 41 5c 41 5d
0x00007fceab9c6644:   41 5e 41 5f 5d e9 e2 47 d1 ff 66 90 48 83 c4 08
0x00007fceab9c6654:   5b 41 5c 41 5d 41 5e 41 5f 5d c3 90 31 d2 be 08
0x00007fceab9c6664:   00 00 00 4c 89 ff e8 b1 78 a3 ff 49 89 c5 e9 37
0x00007fceab9c6674:   ff ff ff 66 0f 1f 84 00 00 00 00 00 48 8b 7a 08
0x00007fceab9c6684:   e9 6d ff ff ff 0f 1f 80 00 00 00 00 e8 5b 48 0a
0x00007fceab9c6694:   00 84 c0 75 89 e9 6a ff ff ff 66 90 55 48 89 e5
0x00007fceab9c66a4:   41 56 41 55 41 54 49 89 fc 53 48 89 f3 66 48 8d
0x00007fceab9c66b4:   3d 27 5e 85 00 66 66 48 e8 df 43 8d ff 4c 8b 28
0x00007fceab9c66c4:   8b 05 be 72 8a 00 85 c0 75 14 ba 01 00 00 00 48
0x00007fceab9c66d4:   8d 0d ae 72 8a 00 f0 0f b1 11 85 c0 74 4e be c8
0x00007fceab9c66e4:   00 00 00 4c 89 ef e8 01 0b 41 00 48 8d 05 12 ac
0x00007fceab9c66f4:   85 00 49 89 d8 48 8d 0d e8 aa 53 00 ba 49 06 00
0x00007fceab9c6704:   00 48 8d 35 3c 35 58 00 bf 00 00 00 e0 48 8b 00
0x00007fceab9c6714:   c6 00 58 31 c0 e8 e2 91 c6 ff 5b 41 5c 41 5d 41
0x00007fceab9c6724:   5e 5d e9 55 34 26 00 0f 1f 44 00 00 48 8d 05 81
0x00007fceab9c6734:   a3 8b 00 48 89 df 4c 8b 30 e8 9e 43 8d ff 48 89
0x00007fceab9c6744:   de 48 89 c2 49 8b 06 4c 89 f7 ff 50 08 4c 89 f7
0x00007fceab9c6754:   e8 a7 5c 27 00 4d 85 e4 74 12 be 01 00 00 00 4c
0x00007fceab9c6764:   89 e7 e8 35 43 fc ff eb 82 0f 1f 00 be 01 00 00
0x00007fceab9c6774:   00 4c 89 ef e8 d3 fd ff ff e9 6d ff ff ff 66 66
0x00007fceab9c6784:   2e 0f 1f 84 00 00 00 00 00 0f 1f 00 55 48 89 e5
0x00007fceab9c6794:   41 57 41 56 41 55 41 54 53 48 81 ec 08 02 00 00
0x00007fceab9c67a4:   64 48 8b 04 25 28 00 00 00 48 89 45 c8 8b 07 83
0x00007fceab9c67b4:   f8 02 0f 84 11 04 00 00 4c 8b 6f 18 49 89 ff 49
0x00007fceab9c67c4:   89 f4 4d 85 ed 74 14 4c 89 ef e8 5d 57 22 00 41
0x00007fceab9c67d4:   8b 07 83 f8 02 0f 84 19 04 00 00 48 8d 1d 9a 06
0x00007fceab9c67e4:   8a 00 4c 8d 35 0b 3c 58 00 eb 38 90 48 85 d2 7f
0x00007fceab9c67f4:   0d 48 8d 05 b4 c0 85 00 48 83 38 00 7e 0e 41 8b
0x00007fceab9c6804:   77 2c 4c 89 f7 31 c0 e8 a0 b2 f7 ff 49 8b 7f 18 


Stack slot to memory mapping:
stack at sp + 0 slots: 0x00007fce8b3b1940 is pointing into the stack for thread: 0x00007fcea40b2260
stack at sp + 1 slots: 0x00007fcea40b2260 is a thread
stack at sp + 2 slots: 0x00007fcea97df8c8 points into unknown readable memory: 0x65730018e552ffff | ff ff 52 e5 18 00 73 65
stack at sp + 3 slots: 0x0000000800c40dc8 is a pointer to class: 
jdk.vm.ci.services.Services {0x0000000800c40dc8}
 - instance size:     2
 - klass size:        65
 - access:            public final synchronized 
 - state:             fully_initialized
 - name:              'jdk/vm/ci/services/Services'
 - super:             'java/lang/Object'
 - sub:               
 - arrays:            NULL
 - methods:           Array<T>(0x00007fcea883cc70)
 - method ordering:   Array<T>(0x0000000800928960)
 - default_methods:   Array<T>(0x0000000000000000)
 - local interfaces:  Array<T>(0x00000008005ce810)
 - trans. interfaces: Array<T>(0x00000008005ce810)
 - constants:         constant pool [427] {0x00007fcea883bd50} for 'jdk/vm/ci/services/Services' cache=0x00007fcea883df40
 - class loader data:  loader data: 0x00007fcea4028450 of 'bootstrap'
 - source file:       'Services.java'
 - class annotations:       Array<T>(0x0000000000000000)
 - class type annotations:  Array<T>(0x0000000000000000)
 - field annotations:       Array<T>(0x0000000000000000)
 - field type annotations:  Array<T>(0x0000000000000000)
 - inner classes:     Array<T>(0x00007fcea883df10)
 - nest members:     Array<T>(0x00007fcea883df30)
 - permitted subclasses:     Array<T>(0x00000008005ce7a0)
 - java mirror:       a 'java/lang/Class'{0x00000000e02acd10} = 'jdk/vm/ci/services/Services'
 - vtable length      5  (start addr: 0x0000000800c40f98)
 - itable length      2 (start addr: 0x0000000800c40fc0)
 - ---- static fields (3 words):
 - public static final 'IS_BUILDING_NATIVE_IMAGE' 'Z' @128 
 - public static final 'IS_IN_NATIVE_IMAGE' 'Z' @129 
 - private static volatile 'savedProperties' 'Ljava/util/Map;' @112 
 - static final 'JVMCI_ENABLED' 'Z' @130 
 - private static final 'servicesCache' 'Ljava/util/Map;' @116 
 - private static final 'MAX_UNICODE_IN_UTF8_LENGTH' 'I' @120 
 - private static final 'MAX_UTF8_PROPERTY_STRING_LENGTH' 'I' @124 
 - ---- non-static fields (0 words):
 - non-static oop maps: 
stack at sp + 4 slots: 0x00007fce8b3b1500 is pointing into the stack for thread: 0x00007fcea40b2260
stack at sp + 5 slots: 0x00007fceab9922fe: <offset 0x000000000093e2fe> in /nix/store/gpxl5qgg8kicmcvivwmybwjlpf7wh20l-graalvm17-ce-22.3.0/lib/server/libjvm.so at 0x00007fceab054000
stack at sp + 6 slots: 0x00007fce8b3b13e0 is pointing into the stack for thread: 0x00007fcea40b2260
stack at sp + 7 slots: 0x00007fce8b3b1440 is pointing into the stack for thread: 0x00007fcea40b2260


---------------  P R O C E S S  ---------------

Threads class SMR info:
_java_thread_list=0x00007fce181cf7a0, length=21, elements={
0x00007fcea40266f0, 0x00007fcea40a6530, 0x00007fcea40a7970, 0x00007fcea40ae0d0,
0x00007fcea40af480, 0x00007fcea40b0870, 0x00007fcea40b2260, 0x00007fcea40b3770,
0x00007fcea40b4bc0, 0x00007fcea40e81c0, 0x00007fcea41309c0, 0x00007fcea4326850,
0x00007fcea43294e0, 0x00007fce4002fa30, 0x00007fce403fbb80, 0x00007fce300010d0,
0x00007fce406490d0, 0x00007fce406839b0, 0x00007fce30011790, 0x00007fce1810e060,
0x00007fce440021d0
}

Java Threads: ( => current thread )
  0x00007fcea40266f0 JavaThread "main" [_thread_blocked, id=435, stack(0x00007fceaae6f000,0x00007fceaaf6f000)]
  0x00007fcea40a6530 JavaThread "Reference Handler" daemon [_thread_blocked, id=438, stack(0x00007fcea85fe000,0x00007fcea86fe000)]
  0x00007fcea40a7970 JavaThread "Finalizer" daemon [_thread_blocked, id=439, stack(0x00007fcea84fe000,0x00007fcea85fe000)]
  0x00007fcea40ae0d0 JavaThread "Signal Dispatcher" daemon [_thread_blocked, id=440, stack(0x00007fcea8118000,0x00007fcea8218000)]
  0x00007fcea40af480 JavaThread "Service Thread" daemon [_thread_blocked, id=441, stack(0x00007fcea8018000,0x00007fcea8118000)]
  0x00007fcea40b0870 JavaThread "Monitor Deflation Thread" daemon [_thread_blocked, id=442, stack(0x00007fce8b3b3000,0x00007fce8b4b3000)]
=>0x00007fcea40b2260 JavaThread "JVMCI-native CompilerThread0" daemon [_thread_in_vm, id=443, stack(0x00007fce8b1b3000,0x00007fce8b3b3000)]
  0x00007fcea40b3770 JavaThread "C1 CompilerThread0" daemon [_thread_blocked, id=444, stack(0x00007fce8afb3000,0x00007fce8b1b3000)]
  0x00007fcea40b4bc0 JavaThread "Sweeper thread" daemon [_thread_blocked, id=445, stack(0x00007fce8aeb3000,0x00007fce8afb3000)]
  0x00007fcea40e81c0 JavaThread "Common-Cleaner" daemon [_thread_blocked, id=446, stack(0x00007fce8adb3000,0x00007fce8aeb3000)]
  0x00007fcea41309c0 JavaThread "Notification Thread" daemon [_thread_blocked, id=447, stack(0x00007fce8acb3000,0x00007fce8adb3000)]
  0x00007fcea4326850 JavaThread "Framework Event Dispatcher: Equinox Container: da2af359-7b99-4095-bcd4-5fcdf1a69ed7" daemon [_thread_blocked, id=453, stack(0x00007fce88500000,0x00007fce88600000)]
  0x00007fcea43294e0 JavaThread "Start Level: Equinox Container: da2af359-7b99-4095-bcd4-5fcdf1a69ed7" daemon [_thread_blocked, id=454, stack(0x00007fce88300000,0x00007fce88400000)]
  0x00007fce4002fa30 JavaThread "SCR Component Actor" daemon [_thread_blocked, id=455, stack(0x00007fce88100000,0x00007fce88200000)]
  0x00007fce403fbb80 JavaThread "Worker-JM" [_thread_blocked, id=468, stack(0x00007fce52b00000,0x00007fce52c00000)]
  0x00007fce300010d0 JavaThread "Worker-1: Periodic workspace save." [_thread_blocked, id=470, stack(0x00007fce52700000,0x00007fce52800000)]
  0x00007fce406490d0 JavaThread "Java indexing" daemon [_thread_blocked, id=472, stack(0x00007fce52300000,0x00007fce52400000)]
  0x00007fce406839b0 JavaThread "Bundle File Closer" daemon [_thread_blocked, id=473, stack(0x00007fce52100000,0x00007fce52200000)]
  0x00007fce30011790 JavaThread "Worker-3: Compacting resource model" [_thread_blocked, id=476, stack(0x00007fce51d00000,0x00007fce51e00000)]
  0x00007fce1810e060 JavaThread "Thread-7" [_thread_blocked, id=486, stack(0x00007fce51900000,0x00007fce51a00000)]
  0x00007fce440021d0 JavaThread "Active Thread: Equinox Container: da2af359-7b99-4095-bcd4-5fcdf1a69ed7" [_thread_blocked, id=553, stack(0x00007fce51b00000,0x00007fce51c00000)]

Other Threads:
  0x00007fcea40a1c70 VMThread "VM Thread" [stack: 0x00007fcea8700000,0x00007fcea8800000] [id=437] _threads_hazard_ptr=0x00007fce181cf7a0
  0x00007fcea4132360 WatcherThread [stack: 0x00007fce8abb3000,0x00007fce8acb3000] [id=448]
  0x00007fcea403df90 GCTaskThread "GC Thread#0" [stack: 0x00007fceaaa32000,0x00007fceaab32000] [id=436]

Threads with active compile tasks:
JVMCI-native CompilerThread0   837948 8263   !   4       java.nio.DirectIntBufferU::get (34 bytes)

VM state: synchronizing (normal execution)

VM Mutex/Monitor currently owned by a thread:  ([mutex/lock_event])
[0x00007fcea40238a0] Threads_lock - owner thread: 0x00007fcea40a1c70
[0x00007fcea4024050] Heap_lock - owner thread: 0x00007fce300010d0

OutOfMemory and StackOverflow Exception counts:
OutOfMemoryError java_heap_errors=22
LinkageErrors=49

Heap address: 0x00000000e0000000, size: 512 MB, Compressed Oops mode: 32-bit

CDS archive(s) mapped at: [0x0000000800000000-0x0000000800bc8000-0x0000000800bc8000), size 12353536, SharedBaseAddress: 0x0000000800000000, ArchiveRelocationMode: 0.
Compressed class space mapped at: 0x0000000800c00000-0x0000000840c00000, reserved size: 1073741824
Narrow klass base: 0x0000000800000000, Narrow klass shift: 0, Narrow klass range: 0x100000000

GC Precious Log:
 CPUs: 8 total, 1 available
 Memory: 1024M
 Large Page Support: Disabled
 NUMA Support: Disabled
 Compressed Oops: Enabled (32-bit)
 Alignments: Space 512K, Generation 512K, Heap 2M
 Heap Min Capacity: 100M
 Heap Initial Capacity: 100M
 Heap Max Capacity: 512M
 Pre-touch: Disabled
 Parallel Workers: 1

Heap:
 PSYoungGen      total 62464K, used 46080K [0x00000000f5580000, 0x00000000fab80000, 0x0000000100000000)
  eden space 46080K, 100% used [0x00000000f5580000,0x00000000f8280000,0x00000000f8280000)
  from space 16384K, 0% used [0x00000000f9a80000,0x00000000f9a80000,0x00000000faa80000)
  to   space 19968K, 0% used [0x00000000f8380000,0x00000000f8380000,0x00000000f9700000)
 ParOldGen       total 349696K, used 349695K [0x00000000e0000000, 0x00000000f5580000, 0x00000000f5580000)
  object space 349696K, 99% used [0x00000000e0000000,0x00000000f557ff40,0x00000000f5580000)
 Metaspace       used 52663K, committed 53504K, reserved 1097728K
  class space    used 5035K, committed 5376K, reserved 1048576K

Card table byte_map: [0x00007fceaab32000,0x00007fceaac33000] _byte_map_base: 0x00007fceaa432000

Marking Bits: (ParMarkBitMap*) 0x00007fceac2824c0
 Begin Bits: [0x00007fcea9985000, 0x00007fceaa185000)
 End Bits:   [0x00007fceaa185000, 0x00007fceaa985000)

Polling page: 0x00007fceaae4c000

Metaspace:

Usage:
  Non-class:     46.51 MB used.
      Class:      4.92 MB used.
       Both:     51.43 MB used.

Virtual space:
  Non-class space:       48.00 MB reserved,      47.00 MB ( 98%) committed,  6 nodes.
      Class space:        1.00 GB reserved,       5.25 MB ( <1%) committed,  1 nodes.
             Both:        1.05 GB reserved,      52.25 MB (  5%) committed. 

Chunk freelists:
   Non-Class:  310.00 KB
       Class:  2.83 MB
        Both:  3.13 MB

MaxMetaspaceSize: unlimited
CompressedClassSpaceSize: 1.00 GB
Initial GC threshold: 21.00 MB
Current GC threshold: 86.88 MB
CDS: on
MetaspaceReclaimPolicy: balanced
 - commit_granule_bytes: 65536.
 - commit_granule_words: 8192.
 - virtual_space_node_default_size: 1048576.
 - enlarge_chunks_in_place: 1.
 - new_chunks_are_fully_committed: 0.
 - uncommit_free_chunks: 1.
 - use_allocation_guard: 0.
 - handle_deallocations: 1.


Internal statistics:

num_allocs_failed_limit: 6.
num_arena_births: 352.
num_arena_deaths: 60.
num_vsnodes_births: 7.
num_vsnodes_deaths: 0.
num_space_committed: 835.
num_space_uncommitted: 0.
num_chunks_returned_to_freelist: 80.
num_chunks_taken_from_freelist: 2482.
num_chunk_merges: 30.
num_chunk_splits: 1648.
num_chunks_enlarged: 1076.
num_purges: 2.
num_inconsistent_stats: 0.

CodeHeap 'non-profiled nmethods': size=120036Kb used=2480Kb max_used=2480Kb free=117555Kb
 bounds [0x00007fce92f7a000, 0x00007fce931ea000, 0x00007fce9a4b3000]
CodeHeap 'profiled nmethods': size=120032Kb used=14435Kb max_used=14878Kb free=105597Kb
 bounds [0x00007fce8ba42000, 0x00007fce8c8d2000, 0x00007fce92f7a000]
CodeHeap 'non-nmethods': size=5692Kb used=1335Kb max_used=1355Kb free=4356Kb
 bounds [0x00007fce8b4b3000, 0x00007fce8b723000, 0x00007fce8ba42000]
 total_blobs=6726 nmethods=6065 adapters=570
 compilation: enabled
              stopped_count=0, restarted_count=0
 full_count=0

JVMCI Events (20 events):
Event: 470.755 Thread 0x00007fcea40b2260 destroyed JavaVM[4]@0x00007fce50f9e340 for JVMCI runtime 0
Event: 470.755 Thread 0x00007fcea40b2260 compacted oop handles in JVMCI runtime 0 from 41 to 41
Event: 470.755 Thread 0x00007fcea40b2260 releasing handles for JVMCI runtime 0: oop handles=41, metadata handles={total=86, live=75, blocks=53}
Event: 470.755 Thread 0x00007fcea40b2260 detached from JVMCI runtime 0
Event: 728.999 Thread 0x00007fcea40b2260 attached to JVMCI runtime 0
Event: 729.000 Thread 0x00007fcea40b2260 created JavaVM[5]@0x00007fce50f9e340 for JVMCI runtime 0
Event: 730.613 Thread 0x00007fcea40b2260 initializing JVMCI runtime 0
Event: 730.613 Thread 0x00007fcea40b2260 done waiting for JavaVM references initialization in JVMCI runtime 0
Event: 757.950 Thread 0x00007fcea40b2260 initialized JVMCI runtime 0
Event: 763.746 Thread 0x00007fcea40b2260 detaching from JVMCI runtime 0: releasing idle compiler thread (0 other threads still attached)
Event: 763.746 Thread 0x00007fcea40b2260 shutting down HotSpotJVMCIRuntime for JVMCI runtime 0
Event: 763.746 Thread 0x00007fcea40b2260 shut down JVMCI runtime 0
Event: 763.747 Thread 0x00007fcea40b2260 destroyed JavaVM[5]@0x00007fce50f9e340 for JVMCI runtime 0
Event: 763.747 Thread 0x00007fcea40b2260 compacted oop handles in JVMCI runtime 0 from 42 to 42
Event: 763.747 Thread 0x00007fcea40b2260 releasing handles for JVMCI runtime 0: oop handles=42, metadata handles={total=86, live=75, blocks=53}
Event: 763.747 Thread 0x00007fcea40b2260 detached from JVMCI runtime 0
Event: 796.110 Thread 0x00007fcea40b2260 attached to JVMCI runtime 0
Event: 796.111 Thread 0x00007fcea40b2260 created JavaVM[6]@0x00007fce50f9e340 for JVMCI runtime 0
Event: 797.860 Thread 0x00007fcea40b2260 initializing JVMCI runtime 0
Event: 797.860 Thread 0x00007fcea40b2260 done waiting for JavaVM references initialization in JVMCI runtime 0

Compilation events (20 events):
Event: 469.094 Thread 0x00007fcea40b2260 nmethod 8252 0x00007fce931e5590 code [0x00007fce931e5720, 0x00007fce931e59c8]
Event: 469.094 Thread 0x00007fcea40b2260 8254       4       java.lang.Integer::stringSize (47 bytes)
Event: 469.098 Thread 0x00007fcea40b2260 nmethod 8254 0x00007fce931e5b90 code [0x00007fce931e5d00, 0x00007fce931e5df0]
Event: 510.297 Thread 0x00007fcea40b3770 8255       3       java.util.Calendar::setFieldsComputed (118 bytes)
Event: 511.782 Thread 0x00007fcea40b3770 nmethod 8255 0x00007fce8c556790 code [0x00007fce8c556960, 0x00007fce8c556dd0]
Event: 531.864 Thread 0x00007fcea40b3770 8256       3       org.eclipse.core.internal.preferences.StringPool::add (59 bytes)
Event: 531.864 Thread 0x00007fcea40b3770 nmethod 8256 0x00007fce8c555a10 code [0x00007fce8c555c00, 0x00007fce8c5565d0]
Event: 553.874 Thread 0x00007fcea40b3770 8257       3       org.eclipse.jdt.ls.core.internal.handlers.ProgressReporterManager$ProgressReporter::subTask (40 bytes)
Event: 564.579 Thread 0x00007fcea40b3770 nmethod 8257 0x00007fce8c555390 code [0x00007fce8c555560, 0x00007fce8c555890]
Event: 598.183 Thread 0x00007fcea40b3770 8258       3       org.eclipse.core.runtime.SubMonitor::isCanceled (20 bytes)
Event: 602.457 Thread 0x00007fcea40b3770 nmethod 8258 0x00007fce8c554c90 code [0x00007fce8c554e40, 0x00007fce8c555240]
Event: 716.849 Thread 0x00007fcea40b3770 8259       3       org.eclipse.core.runtime.Status::interpolateMessage (41 bytes)
Event: 722.954 Thread 0x00007fcea40b3770 nmethod 8259 0x00007fce8c554490 code [0x00007fce8c554680, 0x00007fce8c554ad0]
Event: 728.999 Thread 0x00007fcea40b2260 8260       4       java.nio.charset.CoderResult::isUnderflow (13 bytes)
Event: 736.568 Thread 0x00007fcea40b3770 8261       3       java.util.Collections$UnmodifiableMap$UnmodifiableEntrySet$UnmodifiableEntry::getKey (10 bytes)
Event: 736.568 Thread 0x00007fcea40b3770 nmethod 8261 0x00007fce8c553f10 code [0x00007fce8c5540c0, 0x00007fce8c5543e0]
Event: 736.568 Thread 0x00007fcea40b3770 8262       3       java.util.Collections$UnmodifiableMap$UnmodifiableEntrySet$UnmodifiableEntry::getValue (10 bytes)
Event: 736.568 Thread 0x00007fcea40b3770 nmethod 8262 0x00007fce8c553990 code [0x00007fce8c553b40, 0x00007fce8c553e60]
Event: 762.183 Thread 0x00007fcea40b2260 nmethod 8260 0x00007fce931e5e90 code [0x00007fce931e6000, 0x00007fce931e6048]
Event: 796.110 Thread 0x00007fcea40b2260 8263   !   4       java.nio.DirectIntBufferU::get (34 bytes)

GC Heap History (20 events):
Event: 823.890 GC heap before
{Heap before GC invocations=633 (full 531):
 PSYoungGen      total 62464K, used 46080K [0x00000000f5580000, 0x00000000fab80000, 0x0000000100000000)
  eden space 46080K, 100% used [0x00000000f5580000,0x00000000f8280000,0x00000000f8280000)
  from space 16384K, 0% used [0x00000000f9a80000,0x00000000f9a80000,0x00000000faa80000)
  to   space 19968K, 0% used [0x00000000f8380000,0x00000000f8380000,0x00000000f9700000)
 ParOldGen       total 349696K, used 349692K [0x00000000e0000000, 0x00000000f5580000, 0x00000000f5580000)
  object space 349696K, 99% used [0x00000000e0000000,0x00000000f557f2f8,0x00000000f5580000)
 Metaspace       used 52663K, committed 53504K, reserved 1097728K
  class space    used 5035K, committed 5376K, reserved 1048576K
}
Event: 825.270 GC heap after
{Heap after GC invocations=633 (full 531):
 PSYoungGen      total 66048K, used 46080K [0x00000000f5580000, 0x00000000fab80000, 0x0000000100000000)
  eden space 46080K, 100% used [0x00000000f5580000,0x00000000f8280000,0x00000000f8280000)
  from space 19968K, 0% used [0x00000000f8380000,0x00000000f8380000,0x00000000f9700000)
  to   space 16384K, 0% used [0x00000000f9a80000,0x00000000f9a80000,0x00000000faa80000)
 ParOldGen       total 349696K, used 349692K [0x00000000e0000000, 0x00000000f5580000, 0x00000000f5580000)
  object space 349696K, 99% used [0x00000000e0000000,0x00000000f557f2d8,0x00000000f5580000)
 Metaspace       used 52663K, committed 53504K, reserved 1097728K
  class space    used 5035K, committed 5376K, reserved 1048576K
}
Event: 825.270 GC heap before
{Heap before GC invocations=634 (full 532):
 PSYoungGen      total 66048K, used 46080K [0x00000000f5580000, 0x00000000fab80000, 0x0000000100000000)
  eden space 46080K, 100% used [0x00000000f5580000,0x00000000f8280000,0x00000000f8280000)
  from space 19968K, 0% used [0x00000000f8380000,0x00000000f8380000,0x00000000f9700000)
  to   space 16384K, 0% used [0x00000000f9a80000,0x00000000f9a80000,0x00000000faa80000)
 ParOldGen       total 349696K, used 349695K [0x00000000e0000000, 0x00000000f5580000, 0x00000000f5580000)
  object space 349696K, 99% used [0x00000000e0000000,0x00000000f557ff50,0x00000000f5580000)
 Metaspace       used 52663K, committed 53504K, reserved 1097728K
  class space    used 5035K, committed 5376K, reserved 1048576K
}
Event: 826.747 GC heap after
{Heap after GC invocations=634 (full 532):
 PSYoungGen      total 62464K, used 46079K [0x00000000f5580000, 0x00000000fab80000, 0x0000000100000000)
  eden space 46080K, 99% used [0x00000000f5580000,0x00000000f827ffb8,0x00000000f8280000)
  from space 16384K, 0% used [0x00000000f9a80000,0x00000000f9a80000,0x00000000faa80000)
  to   space 19968K, 0% used [0x00000000f8380000,0x00000000f8380000,0x00000000f9700000)
 ParOldGen       total 349696K, used 349695K [0x00000000e0000000, 0x00000000f5580000, 0x00000000f5580000)
  object space 349696K, 99% used [0x00000000e0000000,0x00000000f557feb0,0x00000000f5580000)
 Metaspace       used 52663K, committed 53504K, reserved 1097728K
  class space    used 5035K, committed 5376K, reserved 1048576K
}
Event: 826.747 GC heap before
{Heap before GC invocations=635 (full 533):
 PSYoungGen      total 62464K, used 46079K [0x00000000f5580000, 0x00000000fab80000, 0x0000000100000000)
  eden space 46080K, 99% used [0x00000000f5580000,0x00000000f827fff8,0x00000000f8280000)
  from space 16384K, 0% used [0x00000000f9a80000,0x00000000f9a80000,0x00000000faa80000)
  to   space 19968K, 0% used [0x00000000f8380000,0x00000000f8380000,0x00000000f9700000)
 ParOldGen       total 349696K, used 349695K [0x00000000e0000000, 0x00000000f5580000, 0x00000000f5580000)
  object space 349696K, 99% used [0x00000000e0000000,0x00000000f557feb0,0x00000000f5580000)
 Metaspace       used 52663K, committed 53504K, reserved 1097728K
  class space    used 5035K, committed 5376K, reserved 1048576K
}
Event: 828.163 GC heap after
{Heap after GC invocations=635 (full 533):
 PSYoungGen      total 66048K, used 46079K [0x00000000f5580000, 0x00000000fab80000, 0x0000000100000000)
  eden space 46080K, 99% used [0x00000000f5580000,0x00000000f827fff8,0x00000000f8280000)
  from space 19968K, 0% used [0x00000000f8380000,0x00000000f8380000,0x00000000f9700000)
  to   space 16384K, 0% used [0x00000000f9a80000,0x00000000f9a80000,0x00000000faa80000)
 ParOldGen       total 349696K, used 349695K [0x00000000e0000000, 0x00000000f5580000, 0x00000000f5580000)
  object space 349696K, 99% used [0x00000000e0000000,0x00000000f557fe90,0x00000000f5580000)
 Metaspace       used 52663K, committed 53504K, reserved 1097728K
  class space    used 5035K, committed 5376K, reserved 1048576K
}
Event: 828.163 GC heap before
{Heap before GC invocations=636 (full 534):
 PSYoungGen      total 66048K, used 46079K [0x00000000f5580000, 0x00000000fab80000, 0x0000000100000000)
  eden space 46080K, 99% used [0x00000000f5580000,0x00000000f827fff8,0x00000000f8280000)
  from space 19968K, 0% used [0x00000000f8380000,0x00000000f8380000,0x00000000f9700000)
  to   space 16384K, 0% used [0x00000000f9a80000,0x00000000f9a80000,0x00000000faa80000)
 ParOldGen       total 349696K, used 349695K [0x00000000e0000000, 0x00000000f5580000, 0x00000000f5580000)
  object space 349696K, 99% used [0x00000000e0000000,0x00000000f557fff8,0x00000000f5580000)
 Metaspace       used 52663K, committed 53504K, reserved 1097728K
  class space    used 5035K, committed 5376K, reserved 1048576K
}
Event: 829.580 GC heap after
{Heap after GC invocations=636 (full 534):
 PSYoungGen      total 62464K, used 46079K [0x00000000f5580000, 0x00000000fab80000, 0x0000000100000000)
  eden space 46080K, 99% used [0x00000000f5580000,0x00000000f827ffc0,0x00000000f8280000)
  from space 16384K, 0% used [0x00000000f9a80000,0x00000000f9a80000,0x00000000faa80000)
  to   space 19968K, 0% used [0x00000000f8380000,0x00000000f8380000,0x00000000f9700000)
 ParOldGen       total 349696K, used 349695K [0x00000000e0000000, 0x00000000f5580000, 0x00000000f5580000)
  object space 349696K, 99% used [0x00000000e0000000,0x00000000f557ff28,0x00000000f5580000)
 Metaspace       used 52663K, committed 53504K, reserved 1097728K
  class space    used 5035K, committed 5376K, reserved 1048576K
}
Event: 829.580 GC heap before
{Heap before GC invocations=637 (full 535):
 PSYoungGen      total 62464K, used 46080K [0x00000000f5580000, 0x00000000fab80000, 0x0000000100000000)
  eden space 46080K, 100% used [0x00000000f5580000,0x00000000f8280000,0x00000000f8280000)
  from space 16384K, 0% used [0x00000000f9a80000,0x00000000f9a80000,0x00000000faa80000)
  to   space 19968K, 0% used [0x00000000f8380000,0x00000000f8380000,0x00000000f9700000)
 ParOldGen       total 349696K, used 349695K [0x00000000e0000000, 0x00000000f5580000, 0x00000000f5580000)
  object space 349696K, 99% used [0x00000000e0000000,0x00000000f557ff28,0x00000000f5580000)
 Metaspace       used 52663K, committed 53504K, reserved 1097728K
  class space    used 5035K, committed 5376K, reserved 1048576K
}
Event: 830.959 GC heap after
{Heap after GC invocations=637 (full 535):
 PSYoungGen      total 66048K, used 46079K [0x00000000f5580000, 0x00000000fab80000, 0x0000000100000000)
  eden space 46080K, 99% used [0x00000000f5580000,0x00000000f827ffe0,0x00000000f8280000)
  from space 19968K, 0% used [0x00000000f8380000,0x00000000f8380000,0x00000000f9700000)
  to   space 16384K, 0% used [0x00000000f9a80000,0x00000000f9a80000,0x00000000faa80000)
 ParOldGen       total 349696K, used 349695K [0x00000000e0000000, 0x00000000f5580000, 0x00000000f5580000)
  object space 349696K, 99% used [0x00000000e0000000,0x00000000f557ff08,0x00000000f5580000)
 Metaspace       used 52663K, committed 53504K, reserved 1097728K
  class space    used 5035K, committed 5376K, reserved 1048576K
}
Event: 830.960 GC heap before
{Heap before GC invocations=638 (full 536):
 PSYoungGen      total 66048K, used 46080K [0x00000000f5580000, 0x00000000fab80000, 0x0000000100000000)
  eden space 46080K, 100% used [0x00000000f5580000,0x00000000f8280000,0x00000000f8280000)
  from space 19968K, 0% used [0x00000000f8380000,0x00000000f8380000,0x00000000f9700000)
  to   space 16384K, 0% used [0x00000000f9a80000,0x00000000f9a80000,0x00000000faa80000)
 ParOldGen       total 349696K, used 349695K [0x00000000e0000000, 0x00000000f5580000, 0x00000000f5580000)
  object space 349696K, 99% used [0x00000000e0000000,0x00000000f557ff08,0x00000000f5580000)
 Metaspace       used 52663K, committed 53504K, reserved 1097728K
  class space    used 5035K, committed 5376K, reserved 1048576K
}
Event: 832.276 GC heap after
{Heap after GC invocations=638 (full 536):
 PSYoungGen      total 62464K, used 46079K [0x00000000f5580000, 0x00000000fab80000, 0x0000000100000000)
  eden space 46080K, 99% used [0x00000000f5580000,0x00000000f827ffc0,0x00000000f8280000)
  from space 16384K, 0% used [0x00000000f9a80000,0x00000000f9a80000,0x00000000faa80000)
  to   space 19968K, 0% used [0x00000000f8380000,0x00000000f8380000,0x00000000f9700000)
 ParOldGen       total 349696K, used 349695K [0x00000000e0000000, 0x00000000f5580000, 0x00000000f5580000)
  object space 349696K, 99% used [0x00000000e0000000,0x00000000f557ff08,0x00000000f5580000)
 Metaspace       used 52663K, committed 53504K, reserved 1097728K
  class space    used 5035K, committed 5376K, reserved 1048576K
}
Event: 832.277 GC heap before
{Heap before GC invocations=639 (full 537):
 PSYoungGen      total 62464K, used 46079K [0x00000000f5580000, 0x00000000fab80000, 0x0000000100000000)
  eden space 46080K, 99% used [0x00000000f5580000,0x00000000f827fff0,0x00000000f8280000)
  from space 16384K, 0% used [0x00000000f9a80000,0x00000000f9a80000,0x00000000faa80000)
  to   space 19968K, 0% used [0x00000000f8380000,0x00000000f8380000,0x00000000f9700000)
 ParOldGen       total 349696K, used 349695K [0x00000000e0000000, 0x00000000f5580000, 0x00000000f5580000)
  object space 349696K, 99% used [0x00000000e0000000,0x00000000f557ff08,0x00000000f5580000)
 Metaspace       used 52663K, committed 53504K, reserved 1097728K
  class space    used 5035K, committed 5376K, reserved 1048576K
}
Event: 833.682 GC heap after
{Heap after GC invocations=639 (full 537):
 PSYoungGen      total 66048K, used 46079K [0x00000000f5580000, 0x00000000fab80000, 0x0000000100000000)
  eden space 46080K, 99% used [0x00000000f5580000,0x00000000f827ffc0,0x00000000f8280000)
  from space 19968K, 0% used [0x00000000f8380000,0x00000000f8380000,0x00000000f9700000)
  to   space 16384K, 0% used [0x00000000f9a80000,0x00000000f9a80000,0x00000000faa80000)
 ParOldGen       total 349696K, used 349695K [0x00000000e0000000, 0x00000000f5580000, 0x00000000f5580000)
  object space 349696K, 99% used [0x00000000e0000000,0x00000000f557ff08,0x00000000f5580000)
 Metaspace       used 52663K, committed 53504K, reserved 1097728K
  class space    used 5035K, committed 5376K, reserved 1048576K
}
Event: 833.682 GC heap before
{Heap before GC invocations=640 (full 538):
 PSYoungGen      total 66048K, used 46079K [0x00000000f5580000, 0x00000000fab80000, 0x0000000100000000)
  eden space 46080K, 99% used [0x00000000f5580000,0x00000000f827fff0,0x00000000f8280000)
  from space 19968K, 0% used [0x00000000f8380000,0x00000000f8380000,0x00000000f9700000)
  to   space 16384K, 0% used [0x00000000f9a80000,0x00000000f9a80000,0x00000000faa80000)
 ParOldGen       total 349696K, used 349695K [0x00000000e0000000, 0x00000000f5580000, 0x00000000f5580000)
  object space 349696K, 99% used [0x00000000e0000000,0x00000000f557ff08,0x00000000f5580000)
 Metaspace       used 52663K, committed 53504K, reserved 1097728K
  class space    used 5035K, committed 5376K, reserved 1048576K
}
Event: 835.076 GC heap after
{Heap after GC invocations=640 (full 538):
 PSYoungGen      total 62464K, used 46079K [0x00000000f5580000, 0x00000000fab80000, 0x0000000100000000)
  eden space 46080K, 99% used [0x00000000f5580000,0x00000000f827fff0,0x00000000f8280000)
  from space 16384K, 0% used [0x00000000f9a80000,0x00000000f9a80000,0x00000000faa80000)
  to   space 19968K, 0% used [0x00000000f8380000,0x00000000f8380000,0x00000000f9700000)
 ParOldGen       total 349696K, used 349695K [0x00000000e0000000, 0x00000000f5580000, 0x00000000f5580000)
  object space 349696K, 99% used [0x00000000e0000000,0x00000000f557ff08,0x00000000f5580000)
 Metaspace       used 52663K, committed 53504K, reserved 1097728K
  class space    used 5035K, committed 5376K, reserved 1048576K
}
Event: 835.076 GC heap before
{Heap before GC invocations=641 (full 539):
 PSYoungGen      total 62464K, used 46079K [0x00000000f5580000, 0x00000000fab80000, 0x0000000100000000)
  eden space 46080K, 99% used [0x00000000f5580000,0x00000000f827fff0,0x00000000f8280000)
  from space 16384K, 0% used [0x00000000f9a80000,0x00000000f9a80000,0x00000000faa80000)
  to   space 19968K, 0% used [0x00000000f8380000,0x00000000f8380000,0x00000000f9700000)
 ParOldGen       total 349696K, used 349696K [0x00000000e0000000, 0x00000000f5580000, 0x00000000f5580000)
  object space 349696K, 100% used [0x00000000e0000000,0x00000000f5580000,0x00000000f5580000)
 Metaspace       used 52663K, committed 53504K, reserved 1097728K
  class space    used 5035K, committed 5376K, reserved 1048576K
}
Event: 836.490 GC heap after
{Heap after GC invocations=641 (full 539):
 PSYoungGen      total 66048K, used 46079K [0x00000000f5580000, 0x00000000fab80000, 0x0000000100000000)
  eden space 46080K, 99% used [0x00000000f5580000,0x00000000f827ffd8,0x00000000f8280000)
  from space 19968K, 0% used [0x00000000f8380000,0x00000000f8380000,0x00000000f9700000)
  to   space 16384K, 0% used [0x00000000f9a80000,0x00000000f9a80000,0x00000000faa80000)
 ParOldGen       total 349696K, used 349695K [0x00000000e0000000, 0x00000000f5580000, 0x00000000f5580000)
  object space 349696K, 99% used [0x00000000e0000000,0x00000000f557ffd0,0x00000000f5580000)
 Metaspace       used 52663K, committed 53504K, reserved 1097728K
  class space    used 5035K, committed 5376K, reserved 1048576K
}
Event: 836.490 GC heap before
{Heap before GC invocations=642 (full 540):
 PSYoungGen      total 66048K, used 46079K [0x00000000f5580000, 0x00000000fab80000, 0x0000000100000000)
  eden space 46080K, 99% used [0x00000000f5580000,0x00000000f827ffd8,0x00000000f8280000)
  from space 19968K, 0% used [0x00000000f8380000,0x00000000f8380000,0x00000000f9700000)
  to   space 16384K, 0% used [0x00000000f9a80000,0x00000000f9a80000,0x00000000faa80000)
 ParOldGen       total 349696K, used 349695K [0x00000000e0000000, 0x00000000f5580000, 0x00000000f5580000)
  object space 349696K, 99% used [0x00000000e0000000,0x00000000f557ffd0,0x00000000f5580000)
 Metaspace       used 52663K, committed 53504K, reserved 1097728K
  class space    used 5035K, committed 5376K, reserved 1048576K
}
Event: 837.860 GC heap after
{Heap after GC invocations=642 (full 540):
 PSYoungGen      total 62464K, used 46079K [0x00000000f5580000, 0x00000000fab80000, 0x0000000100000000)
  eden space 46080K, 99% used [0x00000000f5580000,0x00000000f827fde0,0x00000000f8280000)
  from space 16384K, 0% used [0x00000000f9a80000,0x00000000f9a80000,0x00000000faa80000)
  to   space 19968K, 0% used [0x00000000f8380000,0x00000000f8380000,0x00000000f9700000)
 ParOldGen       total 349696K, used 349695K [0x00000000e0000000, 0x00000000f5580000, 0x00000000f5580000)
  object space 349696K, 99% used [0x00000000e0000000,0x00000000f557fe70,0x00000000f5580000)
 Metaspace       used 52663K, committed 53504K, reserved 1097728K
  class space    used 5035K, committed 5376K, reserved 1048576K
}

Dll operation events (8 events):
Event: 0.005 Loaded shared library /nix/store/gpxl5qgg8kicmcvivwmybwjlpf7wh20l-graalvm17-ce-22.3.0/lib/libjava.so
Event: 0.010 Loaded shared library /nix/store/gpxl5qgg8kicmcvivwmybwjlpf7wh20l-graalvm17-ce-22.3.0/lib/libjsvml.so
Event: 0.167 Loaded shared library /nix/store/gpxl5qgg8kicmcvivwmybwjlpf7wh20l-graalvm17-ce-22.3.0/lib/libjvmcicompiler.so
Event: 0.168 Loaded shared library /nix/store/gpxl5qgg8kicmcvivwmybwjlpf7wh20l-graalvm17-ce-22.3.0/lib/libnio.so
Event: 0.247 Loaded shared library /nix/store/gpxl5qgg8kicmcvivwmybwjlpf7wh20l-graalvm17-ce-22.3.0/lib/libzip.so
Event: 0.570 Loaded shared library /nix/store/gpxl5qgg8kicmcvivwmybwjlpf7wh20l-graalvm17-ce-22.3.0/lib/libjimage.so
Event: 2.059 Loaded shared library /nix/store/gpxl5qgg8kicmcvivwmybwjlpf7wh20l-graalvm17-ce-22.3.0/lib/libnet.so
Event: 3.169 Loaded shared library /home/runner/.cache/jdt-language-server/config/org.eclipse.equinox.launcher/org.eclipse.equinox.launcher.gtk.linux.x86_64_1.2.400.v20211117-0650/eclipse_11600.so

Deoptimization events (20 events):
Event: 667.084 Thread 0x00007fcea436c350 DEOPT PACKING pc=0x00007fce92fdeed4 sp=0x00007fce520fe7f0
Event: 667.084 Thread 0x00007fcea436c350 DEOPT UNPACKING pc=0x00007fce8b505325 sp=0x00007fce520fdcc8 mode 3
Event: 672.882 Thread 0x00007fcea4401ad0 DEOPT PACKING pc=0x00007fce92fc4878 sp=0x00007fce51ffe0c0
Event: 672.882 Thread 0x00007fcea4401ad0 DEOPT UNPACKING pc=0x00007fce8b505325 sp=0x00007fce51ffd560 mode 1
Event: 684.677 Thread 0x00007fcea4401ad0 DEOPT PACKING pc=0x00007fce9309af20 sp=0x00007fce51ffd7e0
Event: 684.677 Thread 0x00007fcea4401ad0 DEOPT UNPACKING pc=0x00007fce8b505325 sp=0x00007fce51ffcbb8 mode 1
Event: 684.677 Thread 0x00007fcea4401ad0 DEOPT PACKING pc=0x00007fce930de24c sp=0x00007fce51ffd930
Event: 684.677 Thread 0x00007fcea4401ad0 DEOPT UNPACKING pc=0x00007fce8b505325 sp=0x00007fce51ffce18 mode 1
Event: 701.984 Thread 0x00007fce404a8960 Uncommon trap: trap_request=0xffffff8f fr.pc=0x00007fce9302b0e5 relative=0x0000000000000145
Event: 701.984 Thread 0x00007fce404a8960 Uncommon trap: reason=constraint action=none pc=0x00007fce9302b0e5 method=java.lang.AbstractStringBuilder.<init>(I)V @ 0 jvmci
Event: 701.984 Thread 0x00007fce404a8960 DEOPT PACKING pc=0x00007fce9302b0e5 sp=0x00007fce529fe720
Event: 701.984 Thread 0x00007fce404a8960 DEOPT UNPACKING pc=0x00007fce8b505325 sp=0x00007fce529fdbb8 mode 3
Event: 704.876 Thread 0x00007fcea4401ad0 Uncommon trap: trap_request=0xffffff8f fr.pc=0x00007fce93010212 relative=0x00000000000000f2
Event: 704.876 Thread 0x00007fcea4401ad0 Uncommon trap: reason=constraint action=none pc=0x00007fce93010212 method=java.util.Collections$UnmodifiableCollection$1.<init>(Ljava/util/Collections$UnmodifiableCollection;)V @ 22 jvmci
Event: 709.396 Thread 0x00007fce406490d0 Uncommon trap: trap_request=0xffffff8f fr.pc=0x00007fce931d4c14 relative=0x0000000000000274
Event: 709.396 Thread 0x00007fce406490d0 Uncommon trap: reason=constraint action=none pc=0x00007fce931d4c14 method=org.eclipse.jdt.internal.core.index.DiskIndex$IntList.add(I)V @ 0 jvmci
Event: 712.489 Thread 0x00007fce406490d0 DEOPT PACKING pc=0x00007fce931d4c14 sp=0x00007fce523fe520
Event: 712.489 Thread 0x00007fce406490d0 DEOPT UNPACKING pc=0x00007fce8b505325 sp=0x00007fce523fd9c0 mode 3
Event: 719.898 Thread 0x00007fcea4401ad0 DEOPT PACKING pc=0x00007fce93010212 sp=0x00007fce51ffd960
Event: 719.898 Thread 0x00007fcea4401ad0 DEOPT UNPACKING pc=0x00007fce8b505325 sp=0x00007fce51ffcd80 mode 3

Classes unloaded (20 events):
Event: 75.389 Thread 0x00007fcea40a1c70 Unloading class 0x0000000800d8d400 'java/lang/invoke/LambdaForm$MH+0x0000000800d8d400'
Event: 75.389 Thread 0x00007fcea40a1c70 Unloading class 0x0000000800d8d000 'java/lang/invoke/LambdaForm$MH+0x0000000800d8d000'
Event: 75.389 Thread 0x00007fcea40a1c70 Unloading class 0x0000000800d8cc00 'java/lang/invoke/LambdaForm$MH+0x0000000800d8cc00'
Event: 75.389 Thread 0x00007fcea40a1c70 Unloading class 0x0000000800d8c800 'java/lang/invoke/LambdaForm$MH+0x0000000800d8c800'
Event: 75.389 Thread 0x00007fcea40a1c70 Unloading class 0x0000000800d8c400 'java/lang/invoke/LambdaForm$MH+0x0000000800d8c400'
Event: 75.389 Thread 0x00007fcea40a1c70 Unloading class 0x0000000800d8c000 'java/lang/invoke/LambdaForm$MH+0x0000000800d8c000'
Event: 75.389 Thread 0x00007fcea40a1c70 Unloading class 0x0000000800cb2800 'java/lang/invoke/LambdaForm$MH+0x0000000800cb2800'
Event: 75.389 Thread 0x00007fcea40a1c70 Unloading class 0x0000000800cb2000 'java/lang/invoke/LambdaForm$MH+0x0000000800cb2000'
Event: 75.389 Thread 0x00007fcea40a1c70 Unloading class 0x0000000800cb1c00 'java/lang/invoke/LambdaForm$MH+0x0000000800cb1c00'
Event: 75.389 Thread 0x00007fcea40a1c70 Unloading class 0x0000000800cb1800 'java/lang/invoke/LambdaForm$MH+0x0000000800cb1800'
Event: 75.389 Thread 0x00007fcea40a1c70 Unloading class 0x0000000800cb1000 'java/lang/invoke/LambdaForm$MH+0x0000000800cb1000'
Event: 75.389 Thread 0x00007fcea40a1c70 Unloading class 0x0000000800cb0c00 'java/lang/invoke/LambdaForm$MH+0x0000000800cb0c00'
Event: 75.389 Thread 0x00007fcea40a1c70 Unloading class 0x0000000800cb0800 'java/lang/invoke/LambdaForm$MH+0x0000000800cb0800'
Event: 75.389 Thread 0x00007fcea40a1c70 Unloading class 0x0000000800cb0000 'java/lang/invoke/LambdaForm$MH+0x0000000800cb0000'
Event: 75.389 Thread 0x00007fcea40a1c70 Unloading class 0x0000000800c85000 'jdk/internal/reflect/GeneratedMethodAccessor5'
Event: 75.389 Thread 0x00007fcea40a1c70 Unloading class 0x0000000800c84c00 'jdk/internal/reflect/GeneratedMethodAccessor4'
Event: 75.389 Thread 0x00007fcea40a1c70 Unloading class 0x0000000800c84800 'jdk/internal/reflect/GeneratedMethodAccessor3'
Event: 75.389 Thread 0x00007fcea40a1c70 Unloading class 0x0000000800c84400 'jdk/internal/reflect/GeneratedMethodAccessor2'
Event: 75.389 Thread 0x00007fcea40a1c70 Unloading class 0x0000000800c84000 'jdk/internal/reflect/GeneratedMethodAccessor1'
Event: 75.389 Thread 0x00007fcea40a1c70 Unloading class 0x0000000800c01c00 'java/lang/invoke/LambdaForm$DMH+0x0000000800c01c00'

Classes redefined (0 events):
No events

Internal exceptions (20 events):
Event: 642.844 Thread 0x00007fcea4401ad0 Exception <a 'java/lang/OutOfMemoryError'{0x00000000e00bbde0}> (0x00000000e00bbde0) 
thrown [src/hotspot/share/gc/shared/memAllocator.cpp, line 138]
Event: 642.844 Thread 0x00007fcea4401ad0 Implicit null exception at 0x00007fce930487dd to 0x00007fce930488b8
Event: 646.984 Thread 0x00007fcea436c350 Exception <a 'java/lang/OutOfMemoryError'{0x00000000e00bc100}> (0x00000000e00bc100) 
thrown [src/hotspot/share/gc/shared/memAllocator.cpp, line 136]
Event: 649.544 Thread 0x00007fce404a8960 Exception <a 'java/lang/OutOfMemoryError'{0x00000000e00bc100}> (0x00000000e00bc100) 
thrown [src/hotspot/share/gc/shared/memAllocator.cpp, line 136]
Event: 653.687 Thread 0x00007fcea436c350 Exception <a 'java/lang/OutOfMemoryError'{0x00000000e00bc100}> (0x00000000e00bc100) 
thrown [src/hotspot/share/gc/shared/memAllocator.cpp, line 136]
Event: 667.084 Thread 0x00007fcea436c350 Exception <a 'java/lang/OutOfMemoryError'{0x00000000e00bbde0}> (0x00000000e00bbde0) 
thrown [src/hotspot/share/gc/shared/memAllocator.cpp, line 138]
Event: 667.084 Thread 0x00007fcea436c350 Implicit null exception at 0x00007fce92fded63 to 0x00007fce92fdeeb9
Event: 669.981 Thread 0x00007fcea4401ad0 Exception <a 'java/lang/OutOfMemoryError'{0x00000000e00bc100}> (0x00000000e00bc100) 
thrown [src/hotspot/share/gc/shared/memAllocator.cpp, line 136]
Event: 672.882 Thread 0x00007fcea4401ad0 Exception <a 'java/lang/OutOfMemoryError'{0x00000000e00bc100}> (0x00000000e00bc100) 
thrown [src/hotspot/share/gc/shared/memAllocator.cpp, line 136]
Event: 684.677 Thread 0x00007fcea4401ad0 Exception <a 'java/lang/OutOfMemoryError'{0x00000000e00bc100}> (0x00000000e00bc100) 
thrown [src/hotspot/share/gc/shared/memAllocator.cpp, line 136]
Event: 701.984 Thread 0x00007fce404a8960 Exception <a 'java/lang/OutOfMemoryError'{0x00000000e00bbde0}> (0x00000000e00bbde0) 
thrown [src/hotspot/share/gc/shared/memAllocator.cpp, line 138]
Event: 701.984 Thread 0x00007fce404a8960 Implicit null exception at 0x00007fce9302b0b7 to 0x00007fce9302b0ca
Event: 704.876 Thread 0x00007fcea4401ad0 Exception <a 'java/lang/OutOfMemoryError'{0x00000000e00bbde0}> (0x00000000e00bbde0) 
thrown [src/hotspot/share/gc/shared/memAllocator.cpp, line 138]
Event: 704.876 Thread 0x00007fcea4401ad0 Implicit null exception at 0x00007fce930101f3 to 0x00007fce930101f7
Event: 709.396 Thread 0x00007fce406490d0 Exception <a 'java/lang/OutOfMemoryError'{0x00000000e00bbde0}> (0x00000000e00bbde0) 
thrown [src/hotspot/share/gc/shared/memAllocator.cpp, line 138]
Event: 709.396 Thread 0x00007fce406490d0 Implicit null exception at 0x00007fce931d4b6d to 0x00007fce931d4bf9
Event: 712.489 Thread 0x00007fcea42de3c0 Exception <a 'java/lang/OutOfMemoryError'{0x00000000e00bc100}> (0x00000000e00bc100) 
thrown [src/hotspot/share/gc/shared/memAllocator.cpp, line 136]
Event: 736.567 Thread 0x00007fce404a8960 Exception <a 'java/lang/OutOfMemoryError'{0x00000000e00bbe30}> (0x00000000e00bbe30) 
thrown [src/hotspot/share/gc/shared/memAllocator.cpp, line 136]
Event: 796.109 Thread 0x00007fce404a8960 Exception <a 'java/lang/OutOfMemoryError'{0x00000000e00bbe30}> (0x00000000e00bbe30) 
thrown [src/hotspot/share/gc/shared/memAllocator.cpp, line 136]
Event: 837.860 Thread 0x00007fcea40b2260 Exception <a 'java/lang/OutOfMemoryError'{0x00000000e00bbe08}> (0x00000000e00bbe08) 
thrown [src/hotspot/share/gc/shared/memAllocator.cpp, line 136]

VM Operations (20 events):
Event: 822.453 Executing VM operation: ParallelGCFailedAllocation
Event: 823.890 Executing VM operation: ParallelGCFailedAllocation done
Event: 823.890 Executing VM operation: ParallelGCFailedAllocation
Event: 825.270 Executing VM operation: ParallelGCFailedAllocation done
Event: 825.270 Executing VM operation: ParallelGCFailedAllocation
Event: 826.747 Executing VM operation: ParallelGCFailedAllocation done
Event: 826.747 Executing VM operation: ParallelGCFailedAllocation
Event: 828.163 Executing VM operation: ParallelGCFailedAllocation done
Event: 828.163 Executing VM operation: ParallelGCFailedAllocation
Event: 829.580 Executing VM operation: ParallelGCFailedAllocation done
Event: 829.580 Executing VM operation: ParallelGCFailedAllocation
Event: 830.959 Executing VM operation: ParallelGCFailedAllocation done
Event: 830.960 Executing VM operation: ParallelGCFailedAllocation
Event: 832.276 Executing VM operation: ParallelGCFailedAllocation done
Event: 832.277 Executing VM operation: ParallelGCFailedAllocation
Event: 833.682 Executing VM operation: ParallelGCFailedAllocation done
Event: 833.682 Executing VM operation: ParallelGCFailedAllocation
Event: 835.076 Executing VM operation: ParallelGCFailedAllocation done
Event: 835.076 Executing VM operation: ParallelGCFailedAllocation
Event: 837.860 Executing VM operation: ParallelGCFailedAllocation done

Events (20 events):
Event: 42.158 Protecting memory [0x00007fce51500000,0x00007fce51504000] with protection modes 0
Event: 42.547 Thread 0x00007fce181115a0 Thread exited: 0x00007fce181115a0
Event: 49.772 Thread 0x00007fcea40b4bc0 flushing nmethod 0x00007fce8c05bb90
Event: 49.773 Thread 0x00007fcea40b4bc0 flushing nmethod 0x00007fce8c0ded10
Event: 49.847 Thread 0x00007fcea40b4bc0 flushing nmethod 0x00007fce8c74a290
Event: 61.248 Thread 0x00007fcea4208b00 Thread exited: 0x00007fcea4208b00
Event: 81.679 Thread 0x00007fce38049f70 Thread exited: 0x00007fce38049f70
Event: 100.667 Thread 0x00007fce30008100 Thread exited: 0x00007fce30008100
Event: 106.384 Thread 0x00007fce2808c430 Thread exited: 0x00007fce2808c430
Event: 106.384 Thread 0x00007fce0c000ff0 Thread exited: 0x00007fce0c000ff0
Event: 581.556 Thread 0x00007fce440021d0 Thread added: 0x00007fce440021d0
Event: 581.556 Protecting memory [0x00007fce51b00000,0x00007fce51b04000] with protection modes 0
Event: 613.758 loading class java/lang/Throwable$WrappedPrintStream
Event: 613.758 loading class java/lang/Throwable$PrintStreamOrWriter
Event: 620.567 loading class java/lang/Throwable$PrintStreamOrWriter done
Event: 623.386 loading class java/lang/Throwable$WrappedPrintStream done
Event: 712.490 Thread 0x00007fcea42de3c0 Thread exited: 0x00007fcea42de3c0
Event: 727.454 Thread 0x00007fcea436c350 Thread exited: 0x00007fcea436c350
Event: 796.110 Thread 0x00007fce404a8960 Thread exited: 0x00007fce404a8960
Event: 816.451 Thread 0x00007fcea4401ad0 Thread exited: 0x00007fcea4401ad0


Dynamic libraries:
e0000000-f5580000 rw-p 00000000 00:00 0 
f5580000-fab80000 rw-p 00000000 00:00 0 
fab80000-100000000 ---p 00000000 00:00 0 
800000000-800449000 rw-p 00001000 00:191f 4611686019135357769            /nix/store/gpxl5qgg8kicmcvivwmybwjlpf7wh20l-graalvm17-ce-22.3.0/lib/server/classes.jsa
800449000-800bc8000 r--p 0044a000 00:191f 4611686019135357769            /nix/store/gpxl5qgg8kicmcvivwmybwjlpf7wh20l-graalvm17-ce-22.3.0/lib/server/classes.jsa
800bc8000-800c00000 ---p 00000000 00:00 0 
800c00000-800c20000 rw-p 00000000 00:00 0 
800c20000-800c40000 rw-p 00000000 00:00 0 
800c40000-800cc0000 rw-p 00000000 00:00 0 
800cc0000-800d00000 rw-p 00000000 00:00 0 
800d00000-800dc0000 rw-p 00000000 00:00 0 
800dc0000-800e00000 rw-p 00000000 00:00 0 
800e00000-801140000 rw-p 00000000 00:00 0 
801140000-840c00000 ---p 00000000 00:00 0 
562fb48f9000-562fb48fa000 r-xp 00000000 00:191f 4611686019099417844      /nix/store/gpxl5qgg8kicmcvivwmybwjlpf7wh20l-graalvm17-ce-22.3.0/bin/.java-wrapped
562fb48fb000-562fb48fc000 r--p 00001000 00:191f 4611686019099417844      /nix/store/gpxl5qgg8kicmcvivwmybwjlpf7wh20l-graalvm17-ce-22.3.0/bin/.java-wrapped
562fb48fc000-562fb48fd000 rw-p 00002000 00:191f 4611686019099417844      /nix/store/gpxl5qgg8kicmcvivwmybwjlpf7wh20l-graalvm17-ce-22.3.0/bin/.java-wrapped
562fb48fd000-562fb48fe000 rw-p 00004000 00:191f 4611686019099417844      /nix/store/gpxl5qgg8kicmcvivwmybwjlpf7wh20l-graalvm17-ce-22.3.0/bin/.java-wrapped
562fb48fe000-562fb48ff000 rw-p 00005000 00:191f 4611686019099417844      /nix/store/gpxl5qgg8kicmcvivwmybwjlpf7wh20l-graalvm17-ce-22.3.0/bin/.java-wrapped
562fb4fd2000-562fb501a000 rw-p 00000000 00:00 0                          [heap]
7fcdf4000000-7fcdf408e000 rw-p 00000000 00:00 0 
7fcdf408e000-7fcdf8000000 ---p 00000000 00:00 0 
7fcdf8000000-7fcdf8049000 rw-p 00000000 00:00 0 
7fcdf8049000-7fcdfc000000 ---p 00000000 00:00 0 
7fcdfc000000-7fcdfc1f7000 rw-p 00000000 00:00 0 
7fcdfc1f7000-7fce00000000 ---p 00000000 00:00 0 
7fce024b3000-7fce0c000000 r--s 00000000 00:191f 4611686019135192581      /nix/store/gpxl5qgg8kicmcvivwmybwjlpf7wh20l-graalvm17-ce-22.3.0/lib/modules
7fce0c000000-7fce0c042000 rw-p 00000000 00:00 0 
7fce0c042000-7fce10000000 ---p 00000000 00:00 0 
7fce10000000-7fce100de000 rw-p 00000000 00:00 0 
7fce100de000-7fce14000000 ---p 00000000 00:00 0 
7fce14000000-7fce14021000 rw-p 00000000 00:00 0 
7fce14021000-7fce18000000 ---p 00000000 00:00 0 
7fce18000000-7fce181da000 rw-p 00000000 00:00 0 
7fce181da000-7fce1c000000 ---p 00000000 00:00 0 
7fce1c000000-7fce1c042000 rw-p 00000000 00:00 0 
7fce1c042000-7fce20000000 ---p 00000000 00:00 0 
7fce20000000-7fce20021000 rw-p 00000000 00:00 0 
7fce20021000-7fce24000000 ---p 00000000 00:00 0 
7fce24000000-7fce2435c000 rw-p 00000000 00:00 0 
7fce2435c000-7fce28000000 ---p 00000000 00:00 0 
7fce28000000-7fce2809a000 rw-p 00000000 00:00 0 
7fce2809a000-7fce2c000000 ---p 00000000 00:00 0 
7fce2c000000-7fce2c021000 rw-p 00000000 00:00 0 
7fce2c021000-7fce30000000 ---p 00000000 00:00 0 
7fce30000000-7fce3004a000 rw-p 00000000 00:00 0 
7fce3004a000-7fce34000000 ---p 00000000 00:00 0 
7fce34000000-7fce34021000 rw-p 00000000 00:00 0 
7fce34021000-7fce38000000 ---p 00000000 00:00 0 
7fce38000000-7fce380dd000 rw-p 00000000 00:00 0 
7fce380dd000-7fce3c000000 ---p 00000000 00:00 0 
7fce3c000000-7fce3c021000 rw-p 00000000 00:00 0 
7fce3c021000-7fce40000000 ---p 00000000 00:00 0 
7fce40000000-7fce408e9000 rw-p 00000000 00:00 0 
7fce408e9000-7fce44000000 ---p 00000000 00:00 0 
7fce44000000-7fce44021000 rw-p 00000000 00:00 0 
7fce44021000-7fce48000000 ---p 00000000 00:00 0 
7fce48400000-7fce48900000 rw-p 00000000 00:00 0 
7fce48900000-7fce48940000 rw-p 00000000 00:00 0 
7fce48940000-7fce48a00000 ---p 00000000 00:00 0 
7fce48a00000-7fce48bc0000 rw-p 00000000 00:00 0 
7fce48bc0000-7fce48c00000 ---p 00000000 00:00 0 
7fce48c00000-7fce49400000 rw-p 00000000 00:00 0 
7fce49400000-7fce49500000 rw-p 00000000 00:00 0 
7fce49500000-7fce49600000 rw-p 00000000 00:00 0 
7fce49600000-7fce49c00000 rw-p 00000000 00:00 0 
7fce4a400000-7fce4a500000 rw-p 00000000 00:00 0 
7fce4a500000-7fce4a600000 rw-p 00000000 00:00 0 
7fce4a600000-7fce4ac00000 rw-p 00000000 00:00 0 
7fce4b000000-7fce4b100000 rw-p 00000000 00:00 0 
7fce4b100000-7fce4b200000 rw-p 00000000 00:00 0 
7fce4b200000-7fce4b800000 rw-p 00000000 00:00 0 
7fce4ba00000-7fce4ba10000 r-xp 00000000 00:1918 355                      /home/runner/.cache/jdt-language-server/config/org.eclipse.equinox.launcher/org.eclipse.equinox.launcher.gtk.linux.x86_64_1.2.400.v20211117-0650/eclipse_11600.so
7fce4ba10000-7fce4bc0f000 ---p 00010000 00:1918 355                      /home/runner/.cache/jdt-language-server/config/org.eclipse.equinox.launcher/org.eclipse.equinox.launcher.gtk.linux.x86_64_1.2.400.v20211117-0650/eclipse_11600.so
7fce4bc0f000-7fce4bc10000 r--p 0000f000 00:1918 355                      /home/runner/.cache/jdt-language-server/config/org.eclipse.equinox.launcher/org.eclipse.equinox.launcher.gtk.linux.x86_64_1.2.400.v20211117-0650/eclipse_11600.so
7fce4bc10000-7fce4bc11000 rw-p 00010000 00:1918 355                      /home/runner/.cache/jdt-language-server/config/org.eclipse.equinox.launcher/org.eclipse.equinox.launcher.gtk.linux.x86_64_1.2.400.v20211117-0650/eclipse_11600.so
7fce4c000000-7fce4c021000 rw-p 00000000 00:00 0 
7fce4c021000-7fce50000000 ---p 00000000 00:00 0 
7fce50300000-7fce50400000 ---p 00000000 00:00 0 
7fce50400000-7fce509af000 r--p 01122000 00:191f 4611686019135190040      /nix/store/gpxl5qgg8kicmcvivwmybwjlpf7wh20l-graalvm17-ce-22.3.0/lib/libjvmcicompiler.so
7fce509af000-7fce50b00000 r--p 00000000 00:00 0 
7fce50b00000-7fce50b3d000 rw-p 00000000 00:00 0 
7fce50b3d000-7fce5105d000 rw-p 0185f000 00:191f 4611686019135190040      /nix/store/gpxl5qgg8kicmcvivwmybwjlpf7wh20l-graalvm17-ce-22.3.0/lib/libjvmcicompiler.so
7fce5105d000-7fce51444000 r--p 01d7f000 00:191f 4611686019135190040      /nix/store/gpxl5qgg8kicmcvivwmybwjlpf7wh20l-graalvm17-ce-22.3.0/lib/libjvmcicompiler.so
7fce51500000-7fce51504000 ---p 00000000 00:00 0 
7fce51504000-7fce51600000 rw-p 00000000 00:00 0 
7fce51700000-7fce51704000 ---p 00000000 00:00 0 
7fce51704000-7fce51800000 rw-p 00000000 00:00 0 
7fce51900000-7fce51904000 ---p 00000000 00:00 0 
7fce51904000-7fce51a00000 rw-p 00000000 00:00 0 
7fce51b00000-7fce51b04000 ---p 00000000 00:00 0 
7fce51b04000-7fce51c00000 rw-p 00000000 00:00 0 
7fce51d00000-7fce51d04000 ---p 00000000 00:00 0 
7fce51d04000-7fce51e00000 rw-p 00000000 00:00 0 
7fce51f00000-7fce51f04000 ---p 00000000 00:00 0 
7fce51f04000-7fce52000000 rw-p 00000000 00:00 0 
7fce52000000-7fce52004000 ---p 00000000 00:00 0 
7fce52004000-7fce52100000 rw-p 00000000 00:00 0 
7fce52100000-7fce52104000 ---p 00000000 00:00 0 
7fce52104000-7fce52200000 rw-p 00000000 00:00 0 
7fce52300000-7fce52304000 ---p 00000000 00:00 0 
7fce52304000-7fce52400000 rw-p 00000000 00:00 0 
7fce52500000-7fce52504000 ---p 00000000 00:00 0 
7fce52504000-7fce52600000 rw-p 00000000 00:00 0 
7fce52700000-7fce52704000 ---p 00000000 00:00 0 
7fce52704000-7fce52800000 rw-p 00000000 00:00 0 
7fce52900000-7fce52904000 ---p 00000000 00:00 0 
7fce52904000-7fce52a00000 rw-p 00000000 00:00 0 
7fce52b00000-7fce52b04000 ---p 00000000 00:00 0 
7fce52b04000-7fce52c00000 rw-p 00000000 00:00 0 
7fce52d00000-7fce52d04000 ---p 00000000 00:00 0 
7fce52d04000-7fce52e00000 rw-p 00000000 00:00 0 
7fce53a68000-7fce53f00000 rw-p 00000000 00:00 0 
7fce54000000-7fce54021000 rw-p 00000000 00:00 0 
7fce54021000-7fce58000000 ---p 00000000 00:00 0 
7fce58000000-7fce58021000 rw-p 00000000 00:00 0 
7fce58021000-7fce5c000000 ---p 00000000 00:00 0 
7fce5c000000-7fce5c079000 rw-p 00000000 00:00 0 
7fce5c079000-7fce60000000 ---p 00000000 00:00 0 
7fce60000000-7fce60021000 rw-p 00000000 00:00 0 
7fce60021000-7fce64000000 ---p 00000000 00:00 0 
7fce64000000-7fce640d9000 rw-p 00000000 00:00 0 
7fce640d9000-7fce68000000 ---p 00000000 00:00 0 
7fce68000000-7fce68ac0000 rw-p 00000000 00:00 0 
7fce68ac0000-7fce6c000000 ---p 00000000 00:00 0 
7fce6c000000-7fce6c021000 rw-p 00000000 00:00 0 
7fce6c021000-7fce70000000 ---p 00000000 00:00 0 
7fce70000000-7fce70021000 rw-p 00000000 00:00 0 
7fce70021000-7fce74000000 ---p 00000000 00:00 0 
7fce74000000-7fce74021000 rw-p 00000000 00:00 0 
7fce74021000-7fce78000000 ---p 00000000 00:00 0 
7fce78000000-7fce78021000 rw-p 00000000 00:00 0 
7fce78021000-7fce7c000000 ---p 00000000 00:00 0 
7fce7c000000-7fce7c026000 rw-p 00000000 00:00 0 
7fce7c026000-7fce80000000 ---p 00000000 00:00 0 
7fce80000000-7fce80021000 rw-p 00000000 00:00 0 
7fce80021000-7fce84000000 ---p 00000000 00:00 0 
7fce84000000-7fce8404b000 rw-p 00000000 00:00 0 
7fce8404b000-7fce88000000 ---p 00000000 00:00 0 
7fce88100000-7fce88104000 ---p 00000000 00:00 0 
7fce88104000-7fce88200000 rw-p 00000000 00:00 0 
7fce88300000-7fce88304000 ---p 00000000 00:00 0 
7fce88304000-7fce88400000 rw-p 00000000 00:00 0 
7fce88500000-7fce88504000 ---p 00000000 00:00 0 
7fce88504000-7fce88600000 rw-p 00000000 00:00 0 
7fce88700000-7fce88704000 ---p 00000000 00:00 0 
7fce88704000-7fce88800000 rw-p 00000000 00:00 0 
7fce88800000-7fce8a96a000 r-xp 00000000 00:191f 4611686019135190040      /nix/store/gpxl5qgg8kicmcvivwmybwjlpf7wh20l-graalvm17-ce-22.3.0/lib/libjvmcicompiler.so
7fce8a96a000-7fce8ab69000 ---p 0216a000 00:191f 4611686019135190040      /nix/store/gpxl5qgg8kicmcvivwmybwjlpf7wh20l-graalvm17-ce-22.3.0/lib/libjvmcicompiler.so
7fce8ab69000-7fce8ab6a000 r--p 02169000 00:191f 4611686019135190040      /nix/store/gpxl5qgg8kicmcvivwmybwjlpf7wh20l-graalvm17-ce-22.3.0/lib/libjvmcicompiler.so
7fce8ab6a000-7fce8ab6c000 rw-p 0216a000 00:191f 4611686019135190040      /nix/store/gpxl5qgg8kicmcvivwmybwjlpf7wh20l-graalvm17-ce-22.3.0/lib/libjvmcicompiler.so
7fce8ab6c000-7fce8ab6d000 rw-p 00000000 00:00 0 
7fce8ab6d000-7fce8ab72000 rw-p 023c3000 00:191f 4611686019135190040      /nix/store/gpxl5qgg8kicmcvivwmybwjlpf7wh20l-graalvm17-ce-22.3.0/lib/libjvmcicompiler.so
7fce8abb1000-7fce8abb2000 ---p 00000000 00:00 0 
7fce8abb2000-7fce8acb3000 rw-p 00000000 00:00 0 
7fce8acb3000-7fce8acb7000 ---p 00000000 00:00 0 
7fce8acb7000-7fce8adb3000 rw-p 00000000 00:00 0 
7fce8adb3000-7fce8adb7000 ---p 00000000 00:00 0 
7fce8adb7000-7fce8aeb3000 rw-p 00000000 00:00 0 
7fce8aeb3000-7fce8aeb7000 ---p 00000000 00:00 0 
7fce8aeb7000-7fce8afb3000 rw-p 00000000 00:00 0 
7fce8afb3000-7fce8afb7000 ---p 00000000 00:00 0 
7fce8afb7000-7fce8b1b3000 rw-p 00000000 00:00 0 
7fce8b1b3000-7fce8b1b7000 ---p 00000000 00:00 0 
7fce8b1b7000-7fce8b3b3000 rw-p 00000000 00:00 0 
7fce8b3b3000-7fce8b3b7000 ---p 00000000 00:00 0 
7fce8b3b7000-7fce8b4b3000 rw-p 00000000 00:00 0 
7fce8b4b3000-7fce8b723000 rwxp 00000000 00:00 0 
7fce8b723000-7fce8ba42000 ---p 00000000 00:00 0 
7fce8ba42000-7fce8c8d2000 rwxp 00000000 00:00 0 
7fce8c8d2000-7fce92f7a000 ---p 00000000 00:00 0 
7fce92f7a000-7fce931ea000 rwxp 00000000 00:00 0 
7fce931ea000-7fce9a4b3000 ---p 00000000 00:00 0 
7fce9a4b3000-7fcea4000000 r--s 00000000 00:191f 4611686019135192581      /nix/store/gpxl5qgg8kicmcvivwmybwjlpf7wh20l-graalvm17-ce-22.3.0/lib/modules
7fcea4000000-7fcea4407000 rw-p 00000000 00:00 0 
7fcea4407000-7fcea8000000 ---p 00000000 00:00 0 
7fcea8018000-7fcea801c000 ---p 00000000 00:00 0 
7fcea801c000-7fcea8118000 rw-p 00000000 00:00 0 
7fcea8118000-7fcea811c000 ---p 00000000 00:00 0 
7fcea811c000-7fcea8218000 rw-p 00000000 00:00 0 
7fcea8218000-7fcea84fe000 r--p 00000000 00:18ec 28444448                 /usr/lib/locale/locale-archive
7fcea84fe000-7fcea8502000 ---p 00000000 00:00 0 
7fcea8502000-7fcea85fe000 rw-p 00000000 00:00 0 
7fcea85fe000-7fcea8602000 ---p 00000000 00:00 0 
7fcea8602000-7fcea86fe000 rw-p 00000000 00:00 0 
7fcea86fe000-7fcea86ff000 ---p 00000000 00:00 0 
7fcea86ff000-7fcea8c00000 rw-p 00000000 00:00 0 
7fcea8c00000-7fcea8f00000 rw-p 00000000 00:00 0 
7fcea8f00000-7fcea9000000 rw-p 00000000 00:00 0 
7fcea9025000-7fcea9029000 ---p 00000000 00:00 0 
7fcea9029000-7fcea9047000 rw-p 00000000 00:00 0 
7fcea9047000-7fcea904e000 r-xp 00000000 00:191f 4611686019135192580      /nix/store/gpxl5qgg8kicmcvivwmybwjlpf7wh20l-graalvm17-ce-22.3.0/lib/libzip.so
7fcea904e000-7fcea904f000 ---p 00007000 00:191f 4611686019135192580      /nix/store/gpxl5qgg8kicmcvivwmybwjlpf7wh20l-graalvm17-ce-22.3.0/lib/libzip.so
7fcea904f000-7fcea9050000 r--p 00007000 00:191f 4611686019135192580      /nix/store/gpxl5qgg8kicmcvivwmybwjlpf7wh20l-graalvm17-ce-22.3.0/lib/libzip.so
7fcea9050000-7fcea9051000 rw-p 00008000 00:191f 4611686019135192580      /nix/store/gpxl5qgg8kicmcvivwmybwjlpf7wh20l-graalvm17-ce-22.3.0/lib/libzip.so
7fcea9051000-7fcea9053000 rw-p 0000b000 00:191f 4611686019135192580      /nix/store/gpxl5qgg8kicmcvivwmybwjlpf7wh20l-graalvm17-ce-22.3.0/lib/libzip.so
7fcea9053000-7fcea9068000 r-xp 00000000 00:191f 4611686019135192570      /nix/store/gpxl5qgg8kicmcvivwmybwjlpf7wh20l-graalvm17-ce-22.3.0/lib/libnet.so
7fcea9068000-7fcea9069000 ---p 00015000 00:191f 4611686019135192570      /nix/store/gpxl5qgg8kicmcvivwmybwjlpf7wh20l-graalvm17-ce-22.3.0/lib/libnet.so
7fcea9069000-7fcea906a000 r--p 00015000 00:191f 4611686019135192570      /nix/store/gpxl5qgg8kicmcvivwmybwjlpf7wh20l-graalvm17-ce-22.3.0/lib/libnet.so
7fcea906a000-7fcea906b000 rw-p 00016000 00:191f 4611686019135192570      /nix/store/gpxl5qgg8kicmcvivwmybwjlpf7wh20l-graalvm17-ce-22.3.0/lib/libnet.so
7fcea906b000-7fcea906e000 rw-p 0001b000 00:191f 4611686019135192570      /nix/store/gpxl5qgg8kicmcvivwmybwjlpf7wh20l-graalvm17-ce-22.3.0/lib/libnet.so
7fcea906e000-7fcea9081000 r-xp 00000000 00:191f 4611686019135192571      /nix/store/gpxl5qgg8kicmcvivwmybwjlpf7wh20l-graalvm17-ce-22.3.0/lib/libnio.so
7fcea9081000-7fcea9082000 r--p 00012000 00:191f 4611686019135192571      /nix/store/gpxl5qgg8kicmcvivwmybwjlpf7wh20l-graalvm17-ce-22.3.0/lib/libnio.so
7fcea9082000-7fcea9083000 rw-p 00013000 00:191f 4611686019135192571      /nix/store/gpxl5qgg8kicmcvivwmybwjlpf7wh20l-graalvm17-ce-22.3.0/lib/libnio.so
7fcea9083000-7fcea9088000 rw-p 00019000 00:191f 4611686019135192571      /nix/store/gpxl5qgg8kicmcvivwmybwjlpf7wh20l-graalvm17-ce-22.3.0/lib/libnio.so
7fcea9088000-7fcea9156000 r-xp 00000000 00:191f 4611686019135190036      /nix/store/gpxl5qgg8kicmcvivwmybwjlpf7wh20l-graalvm17-ce-22.3.0/lib/libjsvml.so
7fcea9156000-7fcea9157000 r--p 000cd000 00:191f 4611686019135190036      /nix/store/gpxl5qgg8kicmcvivwmybwjlpf7wh20l-graalvm17-ce-22.3.0/lib/libjsvml.so
7fcea9157000-7fcea9158000 rw-p 000ce000 00:191f 4611686019135190036      /nix/store/gpxl5qgg8kicmcvivwmybwjlpf7wh20l-graalvm17-ce-22.3.0/lib/libjsvml.so
7fcea9158000-7fceaaa30000 rw-p 00000000 00:00 0 
7fceaaa30000-7fceaaa31000 ---p 00000000 00:00 0 
7fceaaa31000-7fceaabdc000 rw-p 00000000 00:00 0 
7fceaabdc000-7fceaac08000 rw-p 00000000 00:00 0 
7fceaac08000-7fceaac32000 ---p 00000000 00:00 0 
7fceaac32000-7fceaac38000 rw-p 00000000 00:00 0 
7fceaac38000-7fceaad1e000 ---p 00000000 00:00 0 
7fceaad1e000-7fceaad3c000 rw-p 00000000 00:00 0 
7fceaad3c000-7fceaae09000 ---p 00000000 00:00 0 
7fceaae09000-7fceaae0e000 rw-p 00000000 00:00 0 
7fceaae0e000-7fceaae15000 ---p 00000000 00:00 0 
7fceaae15000-7fceaae39000 r-xp 00000000 00:191f 4611686019135190028      /nix/store/gpxl5qgg8kicmcvivwmybwjlpf7wh20l-graalvm17-ce-22.3.0/lib/libjava.so
7fceaae39000-7fceaae3a000 ---p 00024000 00:191f 4611686019135190028      /nix/store/gpxl5qgg8kicmcvivwmybwjlpf7wh20l-graalvm17-ce-22.3.0/lib/libjava.so
7fceaae3a000-7fceaae3b000 r--p 00024000 00:191f 4611686019135190028      /nix/store/gpxl5qgg8kicmcvivwmybwjlpf7wh20l-graalvm17-ce-22.3.0/lib/libjava.so
7fceaae3b000-7fceaae3c000 rw-p 00025000 00:191f 4611686019135190028      /nix/store/gpxl5qgg8kicmcvivwmybwjlpf7wh20l-graalvm17-ce-22.3.0/lib/libjava.so
7fceaae3c000-7fceaae3d000 rw-p 00000000 00:00 0 
7fceaae3d000-7fceaae44000 rw-p 0002f000 00:191f 4611686019135190028      /nix/store/gpxl5qgg8kicmcvivwmybwjlpf7wh20l-graalvm17-ce-22.3.0/lib/libjava.so
7fceaae44000-7fceaae4c000 rw-s 00000000 00:2b7 649                       /tmp/hsperfdata_runner/429
7fceaae4c000-7fceaae4d000 ---p 00000000 00:00 0 
7fceaae4d000-7fceaae4e000 r--p 00000000 00:00 0 
7fceaae4e000-7fceaae4f000 rwxp 00000000 00:00 0 
7fceaae4f000-7fceaae6a000 r-xp 00000000 00:191f 4611686019135190032      /nix/store/gpxl5qgg8kicmcvivwmybwjlpf7wh20l-graalvm17-ce-22.3.0/lib/libjimage.so
7fceaae6a000-7fceaae6b000 ---p 0001b000 00:191f 4611686019135190032      /nix/store/gpxl5qgg8kicmcvivwmybwjlpf7wh20l-graalvm17-ce-22.3.0/lib/libjimage.so
7fceaae6b000-7fceaae6d000 r--p 0001b000 00:191f 4611686019135190032      /nix/store/gpxl5qgg8kicmcvivwmybwjlpf7wh20l-graalvm17-ce-22.3.0/lib/libjimage.so
7fceaae6d000-7fceaae6e000 rw-p 0001d000 00:191f 4611686019135190032      /nix/store/gpxl5qgg8kicmcvivwmybwjlpf7wh20l-graalvm17-ce-22.3.0/lib/libjimage.so
7fceaae6e000-7fceaae6f000 rw-p 00024000 00:191f 4611686019135190032      /nix/store/gpxl5qgg8kicmcvivwmybwjlpf7wh20l-graalvm17-ce-22.3.0/lib/libjimage.so
7fceaae6f000-7fceaae73000 ---p 00000000 00:00 0 
7fceaae73000-7fceaaf6f000 rw-p 00000000 00:00 0 
7fceaaf6f000-7fceaaf7d000 r--p 00000000 00:191f 4611686019027979927      /nix/store/4nlgxhb09sdr51nc9hdm8az5b08vzkgx-glibc-2.35-163/lib/libm.so.6
7fceaaf7d000-7fceaaff0000 r-xp 0000e000 00:191f 4611686019027979927      /nix/store/4nlgxhb09sdr51nc9hdm8az5b08vzkgx-glibc-2.35-163/lib/libm.so.6
7fceaaff0000-7fceab04d000 r--p 00081000 00:191f 4611686019027979927      /nix/store/4nlgxhb09sdr51nc9hdm8az5b08vzkgx-glibc-2.35-163/lib/libm.so.6
7fceab04d000-7fceab04e000 r--p 000dd000 00:191f 4611686019027979927      /nix/store/4nlgxhb09sdr51nc9hdm8az5b08vzkgx-glibc-2.35-163/lib/libm.so.6
7fceab04e000-7fceab04f000 rw-p 000de000 00:191f 4611686019027979927      /nix/store/4nlgxhb09sdr51nc9hdm8az5b08vzkgx-glibc-2.35-163/lib/libm.so.6
7fceab04f000-7fceab050000 r--p 00000000 00:191f 4611686019027979946      /nix/store/4nlgxhb09sdr51nc9hdm8az5b08vzkgx-glibc-2.35-163/lib/librt.so.1
7fceab050000-7fceab051000 r-xp 00001000 00:191f 4611686019027979946      /nix/store/4nlgxhb09sdr51nc9hdm8az5b08vzkgx-glibc-2.35-163/lib/librt.so.1
7fceab051000-7fceab052000 r--p 00002000 00:191f 4611686019027979946      /nix/store/4nlgxhb09sdr51nc9hdm8az5b08vzkgx-glibc-2.35-163/lib/librt.so.1
7fceab052000-7fceab053000 r--p 00002000 00:191f 4611686019027979946      /nix/store/4nlgxhb09sdr51nc9hdm8az5b08vzkgx-glibc-2.35-163/lib/librt.so.1
7fceab053000-7fceab054000 rw-p 00003000 00:191f 4611686019027979946      /nix/store/4nlgxhb09sdr51nc9hdm8az5b08vzkgx-glibc-2.35-163/lib/librt.so.1
7fceab054000-7fceac167000 r-xp 00000000 00:191f 4611686019135360866      /nix/store/gpxl5qgg8kicmcvivwmybwjlpf7wh20l-graalvm17-ce-22.3.0/lib/server/libjvm.so
7fceac167000-7fceac168000 ---p 01113000 00:191f 4611686019135360866      /nix/store/gpxl5qgg8kicmcvivwmybwjlpf7wh20l-graalvm17-ce-22.3.0/lib/server/libjvm.so
7fceac168000-7fceac21d000 r--p 01113000 00:191f 4611686019135360866      /nix/store/gpxl5qgg8kicmcvivwmybwjlpf7wh20l-graalvm17-ce-22.3.0/lib/server/libjvm.so
7fceac21d000-7fceac251000 rw-p 011c8000 00:191f 4611686019135360866      /nix/store/gpxl5qgg8kicmcvivwmybwjlpf7wh20l-graalvm17-ce-22.3.0/lib/server/libjvm.so
7fceac251000-7fceac2ad000 rw-p 00000000 00:00 0 
7fceac2ad000-7fceac2d5000 r--p 00000000 00:191f 4611686019027979918      /nix/store/4nlgxhb09sdr51nc9hdm8az5b08vzkgx-glibc-2.35-163/lib/libc.so.6
7fceac2d5000-7fceac44b000 r-xp 00028000 00:191f 4611686019027979918      /nix/store/4nlgxhb09sdr51nc9hdm8az5b08vzkgx-glibc-2.35-163/lib/libc.so.6
7fceac44b000-7fceac4a3000 r--p 0019e000 00:191f 4611686019027979918      /nix/store/4nlgxhb09sdr51nc9hdm8az5b08vzkgx-glibc-2.35-163/lib/libc.so.6
7fceac4a3000-7fceac4a7000 r--p 001f6000 00:191f 4611686019027979918      /nix/store/4nlgxhb09sdr51nc9hdm8az5b08vzkgx-glibc-2.35-163/lib/libc.so.6
7fceac4a7000-7fceac4a9000 rw-p 001fa000 00:191f 4611686019027979918      /nix/store/4nlgxhb09sdr51nc9hdm8az5b08vzkgx-glibc-2.35-163/lib/libc.so.6
7fceac4a9000-7fceac4b8000 rw-p 00000000 00:00 0 
7fceac4b8000-7fceac4b9000 r--p 00000000 00:191f 4611686019027979923      /nix/store/4nlgxhb09sdr51nc9hdm8az5b08vzkgx-glibc-2.35-163/lib/libdl.so.2
7fceac4b9000-7fceac4ba000 r-xp 00001000 00:191f 4611686019027979923      /nix/store/4nlgxhb09sdr51nc9hdm8az5b08vzkgx-glibc-2.35-163/lib/libdl.so.2
7fceac4ba000-7fceac4bb000 r--p 00002000 00:191f 4611686019027979923      /nix/store/4nlgxhb09sdr51nc9hdm8az5b08vzkgx-glibc-2.35-163/lib/libdl.so.2
7fceac4bb000-7fceac4bc000 r--p 00002000 00:191f 4611686019027979923      /nix/store/4nlgxhb09sdr51nc9hdm8az5b08vzkgx-glibc-2.35-163/lib/libdl.so.2
7fceac4bc000-7fceac4bd000 rw-p 00003000 00:191f 4611686019027979923      /nix/store/4nlgxhb09sdr51nc9hdm8az5b08vzkgx-glibc-2.35-163/lib/libdl.so.2
7fceac4bd000-7fceac4be000 r--p 00000000 00:191f 4611686019027979942      /nix/store/4nlgxhb09sdr51nc9hdm8az5b08vzkgx-glibc-2.35-163/lib/libpthread.so.0
7fceac4be000-7fceac4bf000 r-xp 00001000 00:191f 4611686019027979942      /nix/store/4nlgxhb09sdr51nc9hdm8az5b08vzkgx-glibc-2.35-163/lib/libpthread.so.0
7fceac4bf000-7fceac4c0000 r--p 00002000 00:191f 4611686019027979942      /nix/store/4nlgxhb09sdr51nc9hdm8az5b08vzkgx-glibc-2.35-163/lib/libpthread.so.0
7fceac4c0000-7fceac4c1000 r--p 00002000 00:191f 4611686019027979942      /nix/store/4nlgxhb09sdr51nc9hdm8az5b08vzkgx-glibc-2.35-163/lib/libpthread.so.0
7fceac4c1000-7fceac4c2000 rw-p 00003000 00:191f 4611686019027979942      /nix/store/4nlgxhb09sdr51nc9hdm8az5b08vzkgx-glibc-2.35-163/lib/libpthread.so.0
7fceac4c2000-7fceac4d0000 r-xp 00000000 00:191f 4611686019135190033      /nix/store/gpxl5qgg8kicmcvivwmybwjlpf7wh20l-graalvm17-ce-22.3.0/lib/libjli.so
7fceac4d0000-7fceac4d1000 ---p 0000e000 00:191f 4611686019135190033      /nix/store/gpxl5qgg8kicmcvivwmybwjlpf7wh20l-graalvm17-ce-22.3.0/lib/libjli.so
7fceac4d1000-7fceac4d2000 r--p 0000e000 00:191f 4611686019135190033      /nix/store/gpxl5qgg8kicmcvivwmybwjlpf7wh20l-graalvm17-ce-22.3.0/lib/libjli.so
7fceac4d2000-7fceac4d3000 rw-p 0000f000 00:191f 4611686019135190033      /nix/store/gpxl5qgg8kicmcvivwmybwjlpf7wh20l-graalvm17-ce-22.3.0/lib/libjli.so
7fceac4d3000-7fceac4d4000 rw-p 00012000 00:191f 4611686019135190033      /nix/store/gpxl5qgg8kicmcvivwmybwjlpf7wh20l-graalvm17-ce-22.3.0/lib/libjli.so
7fceac4d4000-7fceac4d7000 r--p 00000000 00:191f 4611686019106210071      /nix/store/026hln0aq1hyshaxsdvhg0kmcm6yf45r-zlib-1.2.13/lib/libz.so.1.2.13
7fceac4d7000-7fceac4e9000 r-xp 00003000 00:191f 4611686019106210071      /nix/store/026hln0aq1hyshaxsdvhg0kmcm6yf45r-zlib-1.2.13/lib/libz.so.1.2.13
7fceac4e9000-7fceac4f0000 r--p 00015000 00:191f 4611686019106210071      /nix/store/026hln0aq1hyshaxsdvhg0kmcm6yf45r-zlib-1.2.13/lib/libz.so.1.2.13
7fceac4f0000-7fceac4f1000 r--p 0001b000 00:191f 4611686019106210071      /nix/store/026hln0aq1hyshaxsdvhg0kmcm6yf45r-zlib-1.2.13/lib/libz.so.1.2.13
7fceac4f1000-7fceac4f2000 rw-p 0001c000 00:191f 4611686019106210071      /nix/store/026hln0aq1hyshaxsdvhg0kmcm6yf45r-zlib-1.2.13/lib/libz.so.1.2.13
7fceac4f2000-7fceac4f4000 rw-p 00000000 00:00 0 
7fceac4f4000-7fceac4f6000 r--p 00000000 00:191f 4611686019027979912      /nix/store/4nlgxhb09sdr51nc9hdm8az5b08vzkgx-glibc-2.35-163/lib/ld-linux-x86-64.so.2
7fceac4f6000-7fceac51d000 r-xp 00002000 00:191f 4611686019027979912      /nix/store/4nlgxhb09sdr51nc9hdm8az5b08vzkgx-glibc-2.35-163/lib/ld-linux-x86-64.so.2
7fceac51d000-7fceac529000 r--p 00029000 00:191f 4611686019027979912      /nix/store/4nlgxhb09sdr51nc9hdm8az5b08vzkgx-glibc-2.35-163/lib/ld-linux-x86-64.so.2
7fceac529000-7fceac52b000 r--p 00034000 00:191f 4611686019027979912      /nix/store/4nlgxhb09sdr51nc9hdm8az5b08vzkgx-glibc-2.35-163/lib/ld-linux-x86-64.so.2
7fceac52b000-7fceac52d000 rw-p 00036000 00:191f 4611686019027979912      /nix/store/4nlgxhb09sdr51nc9hdm8az5b08vzkgx-glibc-2.35-163/lib/ld-linux-x86-64.so.2
7ffe42ab4000-7ffe42ad8000 rw-p 00000000 00:00 0                          [stack]
7ffe42b9e000-7ffe42ba2000 r--p 00000000 00:00 0                          [vvar]
7ffe42ba2000-7ffe42ba4000 r-xp 00000000 00:00 0                          [vdso]
ffffffffff600000-ffffffffff601000 --xp 00000000 00:00 0                  [vsyscall]


VM Arguments:
jvm_args: -XX:ThreadPriorityPolicy=1 -XX:+UnlockExperimentalVMOptions -XX:+EnableJVMCIProduct -XX:JVMCIThreadsPerNativeLibraryRuntime=1 -XX:-UnlockExperimentalVMOptions -Declipse.application=org.eclipse.jdt.ls.core.id1 -Dosgi.bundles.defaultStartLevel=4 -Declipse.product=org.eclipse.jdt.ls.core.product -Dlog.level=ALL -Xverify:none -XX:+UseParallelGC -XX:GCTimeRatio=4 -XX:AdaptiveSizePolicyWeight=90 -Dsun.zip.disableMemoryMapping=true -Xmx512m -Xms100m 
java_command: /nix/store/m6gcpi1ii6rghy04cjwjddcavv7i90df-jdt-language-server-1.9.0/share/java/plugins/org.eclipse.equinox.launcher_1.6.400.v20210924-0641.jar --add-modules=ALL-SYSTEM --add-opens java.base/java.util=ALL-UNNAMED --add-opens java.base/java.lang=ALL-UNNAMED -configuration /home/runner/.cache/jdt-language-server/config -data /home/runner/.cache/jdt-language-server/data/home/runner/Quiz-Algumas-atualizacoes-OBS-olhem-e-vejam-se-vcs-gostam
java_class_path (initial): /nix/store/m6gcpi1ii6rghy04cjwjddcavv7i90df-jdt-language-server-1.9.0/share/java/plugins/org.eclipse.equinox.launcher_1.6.400.v20210924-0641.jar
Launcher Type: SUN_STANDARD

[Global flags]
    uintx AdaptiveSizePolicyWeight                 = 90                                        {product} {command line}
     intx CICompilerCount                          = 2                                         {product} {ergonomic}
     bool EnableJVMCIProduct                       = true                                {JVMCI product} {jimage}
    uintx GCTimeRatio                              = 4                                         {product} {command line}
   size_t InitialHeapSize                          = 104857600                                 {product} {command line}
     uint JVMCIThreadsPerNativeLibraryRuntime      = 1                                   {JVMCI product} {jimage}
   size_t MaxHeapSize                              = 536870912                                 {product} {command line}
   size_t MaxNewSize                               = 178782208                                 {product} {ergonomic}
   size_t MinHeapDeltaBytes                        = 524288                                    {product} {ergonomic}
   size_t MinHeapSize                              = 104857600                                 {product} {command line}
   size_t NewSize                                  = 34603008                                  {product} {ergonomic}
    uintx NonNMethodCodeHeapSize                   = 5826188                                {pd product} {ergonomic}
    uintx NonProfiledCodeHeapSize                  = 122916026                              {pd product} {ergonomic}
   size_t OldSize                                  = 70254592                                  {product} {ergonomic}
    uintx ProfiledCodeHeapSize                     = 122916026                              {pd product} {ergonomic}
    uintx ReservedCodeCacheSize                    = 251658240                              {pd product} {ergonomic}
     bool SegmentedCodeCache                       = true                                      {product} {ergonomic}
   size_t SoftMaxHeapSize                          = 536870912                              {manageable} {ergonomic}
     intx ThreadPriorityPolicy                     = 1                                         {product} {jimage}
     bool UseCompressedClassPointers               = true                           {product lp64_product} {ergonomic}
     bool UseCompressedOops                        = true                           {product lp64_product} {ergonomic}
     bool UseParallelGC                            = true                                      {product} {command line}

Logging:
Log output configuration:
 #0: stdout all=warning uptime,level,tags
 #1: stderr all=off uptime,level,tags

Environment Variables:
JAVA_HOME=/nix/store/gpxl5qgg8kicmcvivwmybwjlpf7wh20l-graalvm17-ce-22.3.0
PATH=/nix/store/1d6ian3r8kdzspw8hacjhl3xkp40g1lj-binutils-wrapper-2.39/bin:/nix/store/dq0xwmsk1g0i2ayg6pb7y87na2knzylh-gcc-wrapper-11.3.0/bin:/nix/store/bap4d0lpcrhpwmpb8ayjcgkmvfj62lnq-bash-interactive-5.1-p16/bin:/nix/store/pr5n59mb4jzmfx6kanwxly0l07p861fg-patchelf-0.15.0/bin:/nix/store/1gf2flfqnpqbr1b4p4qz2f72y42bs56r-gcc-11.3.0/bin:/nix/store/57xv61c5zi8pphjbcwxxjlgc34p61ic9-glibc-2.35-163-bin/bin:/nix/store/a7gvj343m05j2s32xcnwr35v31ynlypr-coreutils-9.1/bin:/nix/store/039g378vc3pc3dvi9dzdlrd0i4q93qwf-binutils-2.39/bin:/nix/store/gpxl5qgg8kicmcvivwmybwjlpf7wh20l-graalvm17-ce-22.3.0/bin:/nix/store/6z9ag3ihc8mq2hzsw48lhbznvzny65nz-apache-maven-3.8.6/bin:/nix/store/m6gcpi1ii6rghy04cjwjddcavv7i90df-jdt-language-server-1.9.0/bin:/nix/store/84xs5alhs01zrbr4ywm05kxbjbp5590l-java-debug/bin:/nix/store/mydc6f4k2z73xlcz7ilif3v2lcaiqvza-findutils-4.9.0/bin:/nix/store/j9p3g8472iijd50vhdprx0nmk2fqn5gv-diffutils-3.8/bin:/nix/store/89zs7rms6x00xfq4dq6m7mjnhkr8a6r4-gnused-4.8/bin:/nix/store/86bp03jkmsl6f92w0yzg4s59g5mhxwmy-gnugrep-3.7/bin:/nix/store/hwcdqw4jrjnd37wxqgsd47hd0j8bnj09-gawk-5.1.1/bin:/nix/store/cfbhw8r8ags41vwqaz47r583d0p4h4a1-gnutar-1.34/bin:/nix/store/p3m1ndl1lapwrlh698bnb5lvvxh67378-gzip-1.12/bin:/nix/store/a8mhcagrsly7c7mpjrpsnaahk4aax056-bzip2-1.0.8-bin/bin:/nix/store/mblgz65m3zv9x548a3d5m96fj2pbwr09-gnumake-4.3/bin:/nix/store/dsd5gz46hdbdk2rfdimqddhq6m8m8fqs-bash-5.1-p16/bin:/nix/store/v7ljksji50mg3w61dykaa3n3y79n6nil-patch-2.7.6/bin:/nix/store/zlcnmqq14jz5x9439jf937mvayyl63da-xz-5.2.7-bin/bin:/nix/store/y6aj732zm9m87c82fpvf103a1xb22blp-file-5.43/bin:/nix/store/sgqd0ajghcv2axfl1lad0b1alyavp0dc-prybar-elisp-0.0.0-67f7a00/bin:/nix/store/p3hsvljpgs68jqwar41lc0jqhjj734lf-prybar-lua-0.0.0-67f7a00/bin:/nix/store/qzxs2gybds3s9kb1vkaflpgm2nwr85fh-prybar-python3-0.0.0-67f7a00/bin:/nix/store/km94z9mxp8w4m8gxxp5mbfpdf3nkfvd8-prybar-sqlite-0.0.0-67f7a00/bin:/nix/store/2pnc7b76asw0z59c4l6h6qy8arwqrii1-prybar-tcl-0.0.0-67f7a00/bin:/nix/store/hpbvrlwd5viqmvcaisb3x0118i913a9n-st
LD_LIBRARY_PATH=/nix/store/a4pff549sk2idnkpzk5nsfps3mdkdnvm-cups-2.4.2-lib/lib:/nix/store/72mqxxhh3cy5yifh92wh2yb8cl2hikyy-cairo-1.16.0/lib:/nix/store/2k366jrbsra97gjfxwvrhvixjfxdach5-glib-2.74.1/lib:/nix/store/2j2znigd8ak37rlwh9khz0ry3clqlw1l-gtk+3-3.24.34/lib:/nix/store/hisqvx32cd57apbpcsnkpx6k3549wql1-libglvnd-1.4.0/lib:/nix/store/p36pgcv991mq5srvg765b78yqpxvk3qs-mesa-21.3.3-drivers/lib:/nix/store/mav4251if1ahjq5vkpwycyyvnmy459c4-pulseaudio-14.2/lib
DISPLAY=:0
LANG=en_US.UTF-8

Signal Handlers:
   SIGSEGV: crash_handler in libjvm.so, mask=11100100010111111101111111111110, flags=SA_RESTART|SA_SIGINFO
    SIGBUS: crash_handler in libjvm.so, mask=11100100010111111101111111111110, flags=SA_RESTART|SA_SIGINFO
    SIGFPE: crash_handler in libjvm.so, mask=11100100010111111101111111111110, flags=SA_RESTART|SA_SIGINFO
   SIGPIPE: IsolateEnterStub_IgnoreSIGPIPEStartupHook_noopSignalHandler_8f19bff2f35b5f630d83b364d6b2339320d4ec70_216e8361c6bc87a8f89f58cc10d3b2fd4415bf87 in libjvmcicompiler.so, mask=00000000000000000000000000000000, flags=SA_RESTART
  *** Handler was modified!
  *** Expected: javaSignalHandler in libjvm.so, mask=11100100110111111111111111111110, flags=SA_RESTART|SA_SIGINFO
   SIGXFSZ: javaSignalHandler in libjvm.so, mask=11100100010111111101111111111110, flags=SA_RESTART|SA_SIGINFO
    SIGILL: crash_handler in libjvm.so, mask=11100100010111111101111111111110, flags=SA_RESTART|SA_SIGINFO
   SIGUSR2: SR_handler in libjvm.so, mask=00000000000000000000000000000000, flags=SA_RESTART|SA_SIGINFO
    SIGHUP: UserHandler in libjvm.so, mask=11100100010111111101111111111110, flags=SA_RESTART|SA_SIGINFO
    SIGINT: UserHandler in libjvm.so, mask=11100100010111111101111111111110, flags=SA_RESTART|SA_SIGINFO
   SIGTERM: UserHandler in libjvm.so, mask=11100100010111111101111111111110, flags=SA_RESTART|SA_SIGINFO
   SIGQUIT: UserHandler in libjvm.so, mask=11100100010111111101111111111110, flags=SA_RESTART|SA_SIGINFO
  *** Handler was modified!
  *** Expected: javaSignalHandler in libjvm.so, mask=11100100110111111111111111111110, flags=SA_RESTART|SA_SIGINFO
   SIGTRAP: crash_handler in libjvm.so, mask=11100100010111111101111111111110, flags=SA_RESTART|SA_SIGINFO


---------------  S Y S T E M  ---------------

OS:
DISTRIB_ID=Ubuntu
DISTRIB_RELEASE=20.04
DISTRIB_CODENAME=focal
DISTRIB_DESCRIPTION="Ubuntu 20.04.2 LTS"
uname: Linux 5.15.0-1030-gcp #37~20.04.1-Ubuntu SMP Mon Feb 20 04:30:57 UTC 2023 x86_64
OS uptime: 0 days 0:57 hours
libc: glibc 2.35 NPTL 2.35 
rlimit (soft/hard): STACK 8192k/infinity , CORE infinity/infinity , NPROC infinity/infinity , NOFILE 5242/5242 , AS infinity/infinity , CPU infinity/infinity , DATA infinity/infinity , FSIZE infinity/infinity , MEMLOCK 64k/64k
load average: 8.28 8.25 8.87

/proc/meminfo:
MemTotal:       65852728 kB
MemFree:        34281020 kB
MemAvailable:   49010096 kB
Buffers:         1120092 kB
Cached:         13027040 kB
SwapCached:            0 kB
Active:          5120684 kB
Inactive:       23421256 kB
Active(anon):      14412 kB
Inactive(anon): 14099240 kB
Active(file):    5106272 kB
Inactive(file):  9322016 kB
Unevictable:       43328 kB
Mlocked:           43328 kB
SwapTotal:             0 kB
SwapFree:              0 kB
Dirty:              1676 kB
Writeback:             0 kB
AnonPages:      14072736 kB
Mapped:          1562692 kB
Shmem:             38476 kB
KReclaimable:    1027388 kB
Slab:            2040720 kB
SReclaimable:    1027388 kB
SUnreclaim:      1013332 kB
KernelStack:      398620 kB
PageTables:       175752 kB
NFS_Unstable:          0 kB
Bounce:                0 kB
WritebackTmp:          0 kB
CommitLimit:    32926364 kB
Committed_AS:   59833116 kB
VmallocTotal:   34359738367 kB
VmallocUsed:      433392 kB
VmallocChunk:          0 kB
Percpu:            47904 kB
HardwareCorrupted:     0 kB
AnonHugePages:    960512 kB
ShmemHugePages:        0 kB
ShmemPmdMapped:        0 kB
FileHugePages:         0 kB
FilePmdMapped:         0 kB
HugePages_Total:       0
HugePages_Free:        0
HugePages_Rsvd:        0
HugePages_Surp:        0
Hugepagesize:       2048 kB
Hugetlb:               0 kB
DirectMap4k:     1975104 kB
DirectMap2M:    34721792 kB
DirectMap1G:    32505856 kB

/sys/kernel/mm/transparent_hugepage/enabled: always [madvise] never
/sys/kernel/mm/transparent_hugepage/defrag (defrag/compaction efforts parameter): always defer defer+madvise [madvise] never

Process Memory:
Virtual Size: 4514408K (peak: 4568872K)
Resident Set Size: 767336K (peak: 799188K) (anon: 575244K, file: 192092K, shmem: 0K)
Swapped out: 0K
C-Heap outstanding allocations: 37586K, retained: 14717K
glibc malloc tunables: (default)

/proc/sys/kernel/threads-max (system-wide limit on the number of threads): 514406
/proc/sys/vm/max_map_count (maximum number of memory map areas a process may have): 65530
/proc/sys/kernel/pid_max (system-wide limit on number of process identifiers): 4194304

container (cgroup) information:
container_type: cgroupv1
cpu_cpuset_cpus: 2-7
cpu_memory_nodes: 0
active_processor_count: 1
cpu_quota: 50000
cpu_period: 100000
cpu_shares: 512
memory_limit_in_bytes: 1048576 k
memory_and_swap_limit_in_bytes: 1048576 k
memory_soft_limit_in_bytes: 524288 k
memory_usage_in_bytes: 630044 k
memory_max_usage_in_bytes: 712352 k
maximum number of tasks: 1000
current number of tasks: 57

KVM virtualization detected
Steal ticks since vm start: 0
Steal ticks percentage since vm start:  0.000

CPU: total 8 (initial active 1) (8 cores per cpu, 2 threads per core) family 23 model 49 stepping 0 microcode 0xffffffff, cx8, cmov, fxsr, ht, mmx, 3dnowpref, sse, sse2, sse3, ssse3, sse4a, sse4.1, sse4.2, popcnt, lzcnt, tsc, tscinvbit, avx, avx2, aes, clmul, bmi1, bmi2, adx, sha, fma, vzeroupper, clflush, clflushopt, hv
CPU Model and flags from /proc/cpuinfo:
model name	: AMD EPYC 7B12
flags		: fpu vme de pse tsc msr pae mce cx8 apic sep mtrr pge mca cmov pat pse36 clflush mmx fxsr sse sse2 ht syscall nx mmxext fxsr_opt pdpe1gb rdtscp lm constant_tsc rep_good nopl nonstop_tsc cpuid extd_apicid tsc_known_freq pni pclmulqdq ssse3 fma cx16 sse4_1 sse4_2 movbe popcnt aes xsave avx f16c rdrand hypervisor lahf_lm cmp_legacy cr8_legacy abm sse4a misalignsse 3dnowprefetch osvw topoext ssbd ibrs ibpb stibp vmmcall fsgsbase tsc_adjust bmi1 avx2 smep bmi2 rdseed adx smap clflushopt clwb sha_ni xsaveopt xsavec xgetbv1 clzero xsaveerptr arat npt nrip_save umip rdpid

Online cpus: 0-7
Offline cpus: 
BIOS frequency limitation: <Not Available>
Frequency switch latency (ns): <Not Available>
Available cpu frequencies: <Not Available>
Current governor: <Not Available>
Core performance/turbo boost: <Not Available>

Memory: 4k page, physical 1048576k(418528k free), swap 0k(0k free)
Page Sizes: 4k

vm_info: OpenJDK 64-Bit Server VM (17.0.5+8-jvmci-22.3-b08) for linux-amd64 JRE (17.0.5+8-jvmci-22.3-b08), built on Oct 19 2022 09:01:27 by "buildslave" with gcc 10.3.0

END.
